<?xml version="1.0" encoding="UTF-8"?>
<testsuite name="MinesweeperTest" tests="1" skipped="0" failures="0" errors="0" timestamp="2022-03-31T20:25:15" hostname="LAPTOP-V78T3SEN" time="4.056">
  <properties/>
  <testcase name="start" classname="MinesweeperTest" time="4.056"/>
  <system-out><![CDATA[?[1;31m
Start test 1?[0m
How many mines do you want on the field?
> 1

 │123456789│
—|—————————│
1|.........│
2|.........│
3|.........│
4|.........│
5|.........│
6|.........│
7|.........│
8|.........│
9|.........│
—│—————————│
Set/unset mines marks or claim a cell as free:
> 1 9 mine

 │123456789│
—|—————————│
1|.........│
2|.........│
3|.........│
4|.........│
5|.........│
6|.........│
7|.........│
8|.........│
9|*........│
—│—————————│
Set/unset mines marks or claim a cell as free:
> 3 3 free

 │123456789│
—|—————————│
1|/////////│
2|/////////│
3|/////////│
4|/////////│
5|/////////│
6|111//////│
7|..1//////│
8|111//////│
9|/////////│
—│—————————│
Set/unset mines marks or claim a cell as free:
> 2 7 free

 │123456789│
—|—————————│
1|/////////│
2|/////////│
3|/////////│
4|/////////│
5|/////////│
6|111//////│
7|.X1//////│
8|111//////│
9|/////////│
—│—————————│
You stepped on a mine and failed!
?[1;31m
Start test 2?[0m
How many mines do you want on the field?
> 1

 │123456789│
—|—————————│
1|.........│
2|.........│
3|.........│
4|.........│
5|.........│
6|.........│
7|.........│
8|.........│
9|.........│
—│—————————│
Set/unset mines marks or claim a cell as free:
> 3 2 mine

 │123456789│
—|—————————│
1|.........│
2|..*......│
3|.........│
4|.........│
5|.........│
6|.........│
7|.........│
8|.........│
9|.........│
—│—————————│
Set/unset mines marks or claim a cell as free:
> 3 2 mine

 │123456789│
—|—————————│
1|.........│
2|.........│
3|.........│
4|.........│
5|.........│
6|.........│
7|.........│
8|.........│
9|.........│
—│—————————│
Set/unset mines marks or claim a cell as free:
> 2 5 free

 │123456789│
—|—————————│
1|/////////│
2|/////////│
3|/////////│
4|/////////│
5|/////////│
6|/////////│
7|/////111/│
8|/////1.1/│
9|/////1.1/│
—│—————————│
Set/unset mines marks or claim a cell as free:
> 7 8 mine

 │123456789│
—|—————————│
1|/////////│
2|/////////│
3|/////////│
4|/////////│
5|/////////│
6|/////////│
7|/////111/│
8|/////1*1/│
9|/////1.1/│
—│—————————│
Congratulations! You found all the mines!
?[1;31m
Start test 3?[0m
How many mines do you want on the field?
> 1

 │123456789│
—|—————————│
1|.........│
2|.........│
3|.........│
4|.........│
5|.........│
6|.........│
7|.........│
8|.........│
9|.........│
—│—————————│
Set/unset mines marks or claim a cell as free:
> 2 8 free

 │123456789│
—|—————————│
1|////1.1//│
2|////1.1//│
3|////111//│
4|/////////│
5|/////////│
6|/////////│
7|/////////│
8|/////////│
9|/////////│
—│—————————│
Set/unset mines marks or claim a cell as free:
> 6 1 free

 │123456789│
—|—————————│
1|////111//│
2|////1.1//│
3|////111//│
4|/////////│
5|/////////│
6|/////////│
7|/////////│
8|/////////│
9|/////////│
—│—————————│
Set/unset mines marks or claim a cell as free:
> 6 2 free

 │123456789│
—|—————————│
1|////111//│
2|////1X1//│
3|////111//│
4|/////////│
5|/////////│
6|/////////│
7|/////////│
8|/////////│
9|/////////│
—│—————————│
You stepped on a mine and failed!
?[1;31m
Start test 4?[0m
How many mines do you want on the field?
> 1

 │123456789│
—|—————————│
1|.........│
2|.........│
3|.........│
4|.........│
5|.........│
6|.........│
7|.........│
8|.........│
9|.........│
—│—————————│
Set/unset mines marks or claim a cell as free:
> 5 4 mine

 │123456789│
—|—————————│
1|.........│
2|.........│
3|.........│
4|....*....│
5|.........│
6|.........│
7|.........│
8|.........│
9|.........│
—│—————————│
Set/unset mines marks or claim a cell as free:
> 6 3 free

 │123456789│
—|—————————│
1|/////////│
2|/////////│
3|/////////│
4|/////////│
5|/////////│
6|/////////│
7|/////////│
8|111//////│
9|..1//////│
—│—————————│
Set/unset mines marks or claim a cell as free:
> 1 9 mine

 │123456789│
—|—————————│
1|/////////│
2|/////////│
3|/////////│
4|/////////│
5|/////////│
6|/////////│
7|/////////│
8|111//////│
9|*.1//////│
—│—————————│
Set/unset mines marks or claim a cell as free:
> 1 9 mine

 │123456789│
—|—————————│
1|/////////│
2|/////////│
3|/////////│
4|/////////│
5|/////////│
6|/////////│
7|/////////│
8|111//////│
9|..1//////│
—│—————————│
Set/unset mines marks or claim a cell as free:
> 2 9 free

 │123456789│
—|—————————│
1|/////////│
2|/////////│
3|/////////│
4|/////////│
5|/////////│
6|/////////│
7|/////////│
8|111//////│
9|.X1//////│
—│—————————│
You stepped on a mine and failed!
?[1;31m
Start test 5?[0m
How many mines do you want on the field?
> 1

 │123456789│
—|—————————│
1|.........│
2|.........│
3|.........│
4|.........│
5|.........│
6|.........│
7|.........│
8|.........│
9|.........│
—│—————————│
Set/unset mines marks or claim a cell as free:
> 4 5 free

 │123456789│
—|—————————│
1|.........│
2|.........│
3|.........│
4|.........│
5|...1.....│
6|.........│
7|.........│
8|.........│
9|.........│
—│—————————│
Set/unset mines marks or claim a cell as free:
> 5 6 mine

 │123456789│
—|—————————│
1|.........│
2|.........│
3|.........│
4|.........│
5|...1.....│
6|....*....│
7|.........│
8|.........│
9|.........│
—│—————————│
Congratulations! You found all the mines!
?[1;31m
Start test 6?[0m
How many mines do you want on the field?
> 1

 │123456789│
—|—————————│
1|.........│
2|.........│
3|.........│
4|.........│
5|.........│
6|.........│
7|.........│
8|.........│
9|.........│
—│—————————│
Set/unset mines marks or claim a cell as free:
> 6 9 mine

 │123456789│
—|—————————│
1|.........│
2|.........│
3|.........│
4|.........│
5|.........│
6|.........│
7|.........│
8|.........│
9|.....*...│
—│—————————│
Set/unset mines marks or claim a cell as free:
> 9 1 mine

 │123456789│
—|—————————│
1|........*│
2|.........│
3|.........│
4|.........│
5|.........│
6|.........│
7|.........│
8|.........│
9|.....*...│
—│—————————│
Set/unset mines marks or claim a cell as free:
> 3 4 mine

 │123456789│
—|—————————│
1|........*│
2|.........│
3|.........│
4|..*......│
5|.........│
6|.........│
7|.........│
8|.........│
9|.....*...│
—│—————————│
Set/unset mines marks or claim a cell as free:
> 9 6 free

 │123456789│
—|—————————│
1|/////////│
2|/////////│
3|/////////│
4|/////////│
5|/////////│
6|/////////│
7|/////////│
8|/////111/│
9|/////1.1/│
—│—————————│
Set/unset mines marks or claim a cell as free:
> 7 9 mine

 │123456789│
—|—————————│
1|/////////│
2|/////////│
3|/////////│
4|/////////│
5|/////////│
6|/////////│
7|/////////│
8|/////111/│
9|/////1*1/│
—│—————————│
Congratulations! You found all the mines!
?[1;31m
Start test 7?[0m
How many mines do you want on the field?
> 1

 │123456789│
—|—————————│
1|.........│
2|.........│
3|.........│
4|.........│
5|.........│
6|.........│
7|.........│
8|.........│
9|.........│
—│—————————│
Set/unset mines marks or claim a cell as free:
> 4 6 free

 │123456789│
—|—————————│
1|.........│
2|.........│
3|.........│
4|.........│
5|.........│
6|...1.....│
7|.........│
8|.........│
9|.........│
—│—————————│
Set/unset mines marks or claim a cell as free:
> 2 7 free

 │123456789│
—|—————————│
1|/////////│
2|/////////│
3|/////////│
4|/////////│
5|/////////│
6|//111////│
7|//1.1////│
8|//111////│
9|/////////│
—│—————————│
Set/unset mines marks or claim a cell as free:
> 4 7 free

 │123456789│
—|—————————│
1|/////////│
2|/////////│
3|/////////│
4|/////////│
5|/////////│
6|//111////│
7|//1X1////│
8|//111////│
9|/////////│
—│—————————│
You stepped on a mine and failed!
?[1;31m
Start test 8?[0m
How many mines do you want on the field?
> 1

 │123456789│
—|—————————│
1|.........│
2|.........│
3|.........│
4|.........│
5|.........│
6|.........│
7|.........│
8|.........│
9|.........│
—│—————————│
Set/unset mines marks or claim a cell as free:
> 9 4 free

 │123456789│
—|—————————│
1|/////////│
2|/////////│
3|/////////│
4|/////////│
5|/////////│
6|/////////│
7|/111/////│
8|/1.1/////│
9|/1.1/////│
—│—————————│
Set/unset mines marks or claim a cell as free:
> 3 9 free

 │123456789│
—|—————————│
1|/////////│
2|/////////│
3|/////////│
4|/////////│
5|/////////│
6|/////////│
7|/111/////│
8|/1.1/////│
9|/111/////│
—│—————————│
Set/unset mines marks or claim a cell as free:
> 3 8 free

 │123456789│
—|—————————│
1|/////////│
2|/////////│
3|/////////│
4|/////////│
5|/////////│
6|/////////│
7|/111/////│
8|/1X1/////│
9|/111/////│
—│—————————│
You stepped on a mine and failed!
?[1;31m
Start test 9?[0m
How many mines do you want on the field?
> 1

 │123456789│
—|—————————│
1|.........│
2|.........│
3|.........│
4|.........│
5|.........│
6|.........│
7|.........│
8|.........│
9|.........│
—│—————————│
Set/unset mines marks or claim a cell as free:
> 5 2 free

 │123456789│
—|—————————│
1|/////////│
2|/////////│
3|/////////│
4|//111////│
5|//1.1////│
6|//111////│
7|/////////│
8|/////////│
9|/////////│
—│—————————│
Set/unset mines marks or claim a cell as free:
> 4 5 free

 │123456789│
—|—————————│
1|/////////│
2|/////////│
3|/////////│
4|//111////│
5|//1X1////│
6|//111////│
7|/////////│
8|/////////│
9|/////////│
—│—————————│
You stepped on a mine and failed!
?[1;31m
Start test 10?[0m
How many mines do you want on the field?
> 1

 │123456789│
—|—————————│
1|.........│
2|.........│
3|.........│
4|.........│
5|.........│
6|.........│
7|.........│
8|.........│
9|.........│
—│—————————│
Set/unset mines marks or claim a cell as free:
> 8 9 mine

 │123456789│
—|—————————│
1|.........│
2|.........│
3|.........│
4|.........│
5|.........│
6|.........│
7|.........│
8|.........│
9|.......*.│
—│—————————│
Set/unset mines marks or claim a cell as free:
> 1 1 mine

 │123456789│
—|—————————│
1|*........│
2|.........│
3|.........│
4|.........│
5|.........│
6|.........│
7|.........│
8|.........│
9|.......*.│
—│—————————│
Set/unset mines marks or claim a cell as free:
> 1 1 mine

 │123456789│
—|—————————│
1|.........│
2|.........│
3|.........│
4|.........│
5|.........│
6|.........│
7|.........│
8|.........│
9|.......*.│
—│—————————│
Set/unset mines marks or claim a cell as free:
> 9 4 free

 │123456789│
—|—————————│
1|//////1..│
2|//////1..│
3|//////111│
4|/////////│
5|/////////│
6|/////////│
7|/////////│
8|/////////│
9|/////////│
—│—————————│
Set/unset mines marks or claim a cell as free:
> 8 2 mine

 │123456789│
—|—————————│
1|//////1..│
2|//////1*.│
3|//////111│
4|/////////│
5|/////////│
6|/////////│
7|/////////│
8|/////////│
9|/////////│
—│—————————│
Congratulations! You found all the mines!
?[1;31m
Start test 11?[0m
How many mines do you want on the field?
> 1

 │123456789│
—|—————————│
1|.........│
2|.........│
3|.........│
4|.........│
5|.........│
6|.........│
7|.........│
8|.........│
9|.........│
—│—————————│
Set/unset mines marks or claim a cell as free:
> 6 1 free

 │123456789│
—|—————————│
1|/////////│
2|/////////│
3|/////////│
4|/////////│
5|/////111/│
6|/////1.1/│
7|/////111/│
8|/////////│
9|/////////│
—│—————————│
Set/unset mines marks or claim a cell as free:
> 7 6 mine

 │123456789│
—|—————————│
1|/////////│
2|/////////│
3|/////////│
4|/////////│
5|/////111/│
6|/////1*1/│
7|/////111/│
8|/////////│
9|/////////│
—│—————————│
Congratulations! You found all the mines!
?[1;31m
Start test 12?[0m
How many mines do you want on the field?
> 1

 │123456789│
—|—————————│
1|.........│
2|.........│
3|.........│
4|.........│
5|.........│
6|.........│
7|.........│
8|.........│
9|.........│
—│—————————│
Set/unset mines marks or claim a cell as free:
> 3 5 free

 │123456789│
—|—————————│
1|/////////│
2|/////////│
3|/////////│
4|/////////│
5|/////////│
6|/////////│
7|//////111│
8|//////1..│
9|//////1..│
—│—————————│
Set/unset mines marks or claim a cell as free:
> 9 9 free

 │123456789│
—|—————————│
1|/////////│
2|/////////│
3|/////////│
4|/////////│
5|/////////│
6|/////////│
7|//////111│
8|//////1..│
9|//////1.1│
—│—————————│
Set/unset mines marks or claim a cell as free:
> 9 8 free

 │123456789│
—|—————————│
1|/////////│
2|/////////│
3|/////////│
4|/////////│
5|/////////│
6|/////////│
7|//////111│
8|//////1.1│
9|//////1.1│
—│—————————│
Set/unset mines marks or claim a cell as free:
> 8 8 free

 │123456789│
—|—————————│
1|/////////│
2|/////////│
3|/////////│
4|/////////│
5|/////////│
6|/////////│
7|//////111│
8|//////1X1│
9|//////1.1│
—│—————————│
You stepped on a mine and failed!
?[1;31m
Start test 13?[0m
How many mines do you want on the field?
> 1

 │123456789│
—|—————————│
1|.........│
2|.........│
3|.........│
4|.........│
5|.........│
6|.........│
7|.........│
8|.........│
9|.........│
—│—————————│
Set/unset mines marks or claim a cell as free:
> 5 6 free

 │123456789│
—|—————————│
1|/////////│
2|/////////│
3|/////////│
4|/////////│
5|/////////│
6|/////111/│
7|/////1.1/│
8|/////111/│
9|/////////│
—│—————————│
Set/unset mines marks or claim a cell as free:
> 7 7 mine

 │123456789│
—|—————————│
1|/////////│
2|/////////│
3|/////////│
4|/////////│
5|/////////│
6|/////111/│
7|/////1*1/│
8|/////111/│
9|/////////│
—│—————————│
Congratulations! You found all the mines!
?[1;31m
Start test 14?[0m
How many mines do you want on the field?
> 1

 │123456789│
—|—————————│
1|.........│
2|.........│
3|.........│
4|.........│
5|.........│
6|.........│
7|.........│
8|.........│
9|.........│
—│—————————│
Set/unset mines marks or claim a cell as free:
> 5 5 mine

 │123456789│
—|—————————│
1|.........│
2|.........│
3|.........│
4|.........│
5|....*....│
6|.........│
7|.........│
8|.........│
9|.........│
—│—————————│
Set/unset mines marks or claim a cell as free:
> 8 8 free

 │123456789│
—|—————————│
1|/////////│
2|/////////│
3|/////////│
4|/////////│
5|/////////│
6|/////////│
7|///111///│
8|///1.1///│
9|///1.1///│
—│—————————│
Set/unset mines marks or claim a cell as free:
> 5 8 free

 │123456789│
—|—————————│
1|/////////│
2|/////////│
3|/////////│
4|/////////│
5|/////////│
6|/////////│
7|///111///│
8|///1X1///│
9|///1.1///│
—│—————————│
You stepped on a mine and failed!
?[1;31m
Start test 15?[0m
How many mines do you want on the field?
> 1

 │123456789│
—|—————————│
1|.........│
2|.........│
3|.........│
4|.........│
5|.........│
6|.........│
7|.........│
8|.........│
9|.........│
—│—————————│
Set/unset mines marks or claim a cell as free:
> 6 6 free

 │123456789│
—|—————————│
1|/////////│
2|/////////│
3|/////////│
4|/////////│
5|/////////│
6|111//////│
7|..1//////│
8|111//////│
9|/////////│
—│—————————│
Set/unset mines marks or claim a cell as free:
> 2 7 mine

 │123456789│
—|—————————│
1|/////////│
2|/////////│
3|/////////│
4|/////////│
5|/////////│
6|111//////│
7|.*1//////│
8|111//////│
9|/////////│
—│—————————│
Congratulations! You found all the mines!
?[1;31m
Start test 16?[0m
How many mines do you want on the field?
> 1

 │123456789│
—|—————————│
1|.........│
2|.........│
3|.........│
4|.........│
5|.........│
6|.........│
7|.........│
8|.........│
9|.........│
—│—————————│
Set/unset mines marks or claim a cell as free:
> 8 6 mine

 │123456789│
—|—————————│
1|.........│
2|.........│
3|.........│
4|.........│
5|.........│
6|.......*.│
7|.........│
8|.........│
9|.........│
—│—————————│
Set/unset mines marks or claim a cell as free:
> 8 5 free

 │123456789│
—|—————————│
1|/1.1/////│
2|/1.1/////│
3|/111/////│
4|/////////│
5|/////////│
6|/////////│
7|/////////│
8|/////////│
9|/////////│
—│—————————│
Set/unset mines marks or claim a cell as free:
> 3 2 mine

 │123456789│
—|—————————│
1|/1.1/////│
2|/1*1/////│
3|/111/////│
4|/////////│
5|/////////│
6|/////////│
7|/////////│
8|/////////│
9|/////////│
—│—————————│
Congratulations! You found all the mines!
?[1;31m
Start test 17?[0m
How many mines do you want on the field?
> 1

 │123456789│
—|—————————│
1|.........│
2|.........│
3|.........│
4|.........│
5|.........│
6|.........│
7|.........│
8|.........│
9|.........│
—│—————————│
Set/unset mines marks or claim a cell as free:
> 8 1 free

 │123456789│
—|—————————│
1|///1.1///│
2|///1.1///│
3|///111///│
4|/////////│
5|/////////│
6|/////////│
7|/////////│
8|/////////│
9|/////////│
—│—————————│
Set/unset mines marks or claim a cell as free:
> 5 2 free

 │123456789│
—|—————————│
1|///1.1///│
2|///1X1///│
3|///111///│
4|/////////│
5|/////////│
6|/////////│
7|/////////│
8|/////////│
9|/////////│
—│—————————│
You stepped on a mine and failed!
?[1;31m
Start test 18?[0m
How many mines do you want on the field?
> 1

 │123456789│
—|—————————│
1|.........│
2|.........│
3|.........│
4|.........│
5|.........│
6|.........│
7|.........│
8|.........│
9|.........│
—│—————————│
Set/unset mines marks or claim a cell as free:
> 1 2 free

 │123456789│
—|—————————│
1|/////////│
2|/////////│
3|/////////│
4|/////////│
5|/////////│
6|11///////│
7|.1///////│
8|11///////│
9|/////////│
—│—————————│
Set/unset mines marks or claim a cell as free:
> 1 7 free

 │123456789│
—|—————————│
1|/////////│
2|/////////│
3|/////////│
4|/////////│
5|/////////│
6|11///////│
7|X1///////│
8|11///////│
9|/////////│
—│—————————│
You stepped on a mine and failed!
?[1;31m
Start test 19?[0m
How many mines do you want on the field?
> 1

 │123456789│
—|—————————│
1|.........│
2|.........│
3|.........│
4|.........│
5|.........│
6|.........│
7|.........│
8|.........│
9|.........│
—│—————————│
Set/unset mines marks or claim a cell as free:
> 3 8 mine

 │123456789│
—|—————————│
1|.........│
2|.........│
3|.........│
4|.........│
5|.........│
6|.........│
7|.........│
8|..*......│
9|.........│
—│—————————│
Set/unset mines marks or claim a cell as free:
> 8 6 mine

 │123456789│
—|—————————│
1|.........│
2|.........│
3|.........│
4|.........│
5|.........│
6|.......*.│
7|.........│
8|..*......│
9|.........│
—│—————————│
Set/unset mines marks or claim a cell as free:
> 9 8 free

 │123456789│
—|—————————│
1|/////////│
2|/////////│
3|/////////│
4|/////////│
5|/////////│
6|//111////│
7|//1.1////│
8|//111////│
9|/////////│
—│—————————│
Set/unset mines marks or claim a cell as free:
> 4 7 free

 │123456789│
—|—————————│
1|/////////│
2|/////////│
3|/////////│
4|/////////│
5|/////////│
6|//111////│
7|//1X1////│
8|//111////│
9|/////////│
—│—————————│
You stepped on a mine and failed!
?[1;31m
Start test 20?[0m
How many mines do you want on the field?
> 1

 │123456789│
—|—————————│
1|.........│
2|.........│
3|.........│
4|.........│
5|.........│
6|.........│
7|.........│
8|.........│
9|.........│
—│—————————│
Set/unset mines marks or claim a cell as free:
> 1 5 free

 │123456789│
—|—————————│
1|/////////│
2|/////////│
3|/////////│
4|////111//│
5|////1.1//│
6|////111//│
7|/////////│
8|/////////│
9|/////////│
—│—————————│
Set/unset mines marks or claim a cell as free:
> 6 5 free

 │123456789│
—|—————————│
1|/////////│
2|/////////│
3|/////////│
4|////111//│
5|////1X1//│
6|////111//│
7|/////////│
8|/////////│
9|/////////│
—│—————————│
You stepped on a mine and failed!
?[1;31m
Start test 21?[0m
How many mines do you want on the field?
> 2

 │123456789│
—|—————————│
1|.........│
2|.........│
3|.........│
4|.........│
5|.........│
6|.........│
7|.........│
8|.........│
9|.........│
—│—————————│
Set/unset mines marks or claim a cell as free:
> 5 8 free

 │123456789│
—|—————————│
1|.1///////│
2|.1///////│
3|11///////│
4|/////////│
5|/////////│
6|/////////│
7|/111/////│
8|/1.1/////│
9|/1.1/////│
—│—————————│
Set/unset mines marks or claim a cell as free:
> 3 8 mine

 │123456789│
—|—————————│
1|.1///////│
2|.1///////│
3|11///////│
4|/////////│
5|/////////│
6|/////////│
7|/111/////│
8|/1*1/////│
9|/1.1/////│
—│—————————│
Set/unset mines marks or claim a cell as free:
> 3 9 mine

 │123456789│
—|—————————│
1|.1///////│
2|.1///////│
3|11///////│
4|/////////│
5|/////////│
6|/////////│
7|/111/////│
8|/1*1/////│
9|/1*1/////│
—│—————————│
Set/unset mines marks or claim a cell as free:
> 1 1 free

 │123456789│
—|—————————│
1|11///////│
2|.1///////│
3|11///////│
4|/////////│
5|/////////│
6|/////////│
7|/111/////│
8|/1*1/////│
9|/1*1/////│
—│—————————│
Set/unset mines marks or claim a cell as free:
> 1 2 free

 │123456789│
—|—————————│
1|11///////│
2|X1///////│
3|11///////│
4|/////////│
5|/////////│
6|/////////│
7|/111/////│
8|/1X1/////│
9|/1*1/////│
—│—————————│
You stepped on a mine and failed!
?[1;31m
Start test 22?[0m
How many mines do you want on the field?
> 2

 │123456789│
—|—————————│
1|.........│
2|.........│
3|.........│
4|.........│
5|.........│
6|.........│
7|.........│
8|.........│
9|.........│
—│—————————│
Set/unset mines marks or claim a cell as free:
> 1 1 mine

 │123456789│
—|—————————│
1|*........│
2|.........│
3|.........│
4|.........│
5|.........│
6|.........│
7|.........│
8|.........│
9|.........│
—│—————————│
Set/unset mines marks or claim a cell as free:
> 7 8 free

 │123456789│
—|—————————│
1|*........│
2|.........│
3|.........│
4|.........│
5|.........│
6|.........│
7|.........│
8|......1..│
9|.........│
—│—————————│
Set/unset mines marks or claim a cell as free:
> 1 1 mine

 │123456789│
—|—————————│
1|.........│
2|.........│
3|.........│
4|.........│
5|.........│
6|.........│
7|.........│
8|......1..│
9|.........│
—│—————————│
Set/unset mines marks or claim a cell as free:
> 3 3 free

 │123456789│
—|—————————│
1|//1.1////│
2|//111////│
3|/////////│
4|/////////│
5|/////////│
6|////111//│
7|////1.1//│
8|////111//│
9|/////////│
—│—————————│
Set/unset mines marks or claim a cell as free:
> 4 1 mine

 │123456789│
—|—————————│
1|//1*1////│
2|//111////│
3|/////////│
4|/////////│
5|/////////│
6|////111//│
7|////1.1//│
8|////111//│
9|/////////│
—│—————————│
Set/unset mines marks or claim a cell as free:
> 4 1 mine

 │123456789│
—|—————————│
1|//1.1////│
2|//111////│
3|/////////│
4|/////////│
5|/////////│
6|////111//│
7|////1.1//│
8|////111//│
9|/////////│
—│—————————│
Set/unset mines marks or claim a cell as free:
> 4 1 free

 │123456789│
—|—————————│
1|//1X1////│
2|//111////│
3|/////////│
4|/////////│
5|/////////│
6|////111//│
7|////1X1//│
8|////111//│
9|/////////│
—│—————————│
You stepped on a mine and failed!
?[1;31m
Start test 23?[0m
How many mines do you want on the field?
> 2

 │123456789│
—|—————————│
1|.........│
2|.........│
3|.........│
4|.........│
5|.........│
6|.........│
7|.........│
8|.........│
9|.........│
—│—————————│
Set/unset mines marks or claim a cell as free:
> 8 9 mine

 │123456789│
—|—————————│
1|.........│
2|.........│
3|.........│
4|.........│
5|.........│
6|.........│
7|.........│
8|.........│
9|.......*.│
—│—————————│
Set/unset mines marks or claim a cell as free:
> 1 9 free

 │123456789│
—|—————————│
1|///1.1///│
2|///111///│
3|/////////│
4|/////////│
5|/////////│
6|/////////│
7|/////////│
8|//111////│
9|//1.1////│
—│—————————│
Set/unset mines marks or claim a cell as free:
> 4 9 mine

 │123456789│
—|—————————│
1|///1.1///│
2|///111///│
3|/////////│
4|/////////│
5|/////////│
6|/////////│
7|/////////│
8|//111////│
9|//1*1////│
—│—————————│
Set/unset mines marks or claim a cell as free:
> 5 1 free

 │123456789│
—|—————————│
1|///1X1///│
2|///111///│
3|/////////│
4|/////////│
5|/////////│
6|/////////│
7|/////////│
8|//111////│
9|//1X1////│
—│—————————│
You stepped on a mine and failed!
?[1;31m
Start test 24?[0m
How many mines do you want on the field?
> 2

 │123456789│
—|—————————│
1|.........│
2|.........│
3|.........│
4|.........│
5|.........│
6|.........│
7|.........│
8|.........│
9|.........│
—│—————————│
Set/unset mines marks or claim a cell as free:
> 7 9 free

 │123456789│
—|—————————│
1|.1///////│
2|.1///////│
3|11///////│
4|/////////│
5|/////////│
6|/////////│
7|/////////│
8|/111/////│
9|/1.1/////│
—│—————————│
Set/unset mines marks or claim a cell as free:
> 3 9 mine

 │123456789│
—|—————————│
1|.1///////│
2|.1///////│
3|11///////│
4|/////////│
5|/////////│
6|/////////│
7|/////////│
8|/111/////│
9|/1*1/////│
—│—————————│
Set/unset mines marks or claim a cell as free:
> 1 1 free

 │123456789│
—|—————————│
1|11///////│
2|.1///////│
3|11///////│
4|/////////│
5|/////////│
6|/////////│
7|/////////│
8|/111/////│
9|/1*1/////│
—│—————————│
Set/unset mines marks or claim a cell as free:
> 1 2 free

 │123456789│
—|—————————│
1|11///////│
2|X1///////│
3|11///////│
4|/////////│
5|/////////│
6|/////////│
7|/////////│
8|/111/////│
9|/1X1/////│
—│—————————│
You stepped on a mine and failed!
?[1;31m
Start test 25?[0m
How many mines do you want on the field?
> 2

 │123456789│
—|—————————│
1|.........│
2|.........│
3|.........│
4|.........│
5|.........│
6|.........│
7|.........│
8|.........│
9|.........│
—│—————————│
Set/unset mines marks or claim a cell as free:
> 3 2 free

 │123456789│
—|—————————│
1|/////////│
2|/////////│
3|/////////│
4|/////////│
5|///////11│
6|///////1.│
7|///////2.│
8|///////1.│
9|///////1.│
—│—————————│
Set/unset mines marks or claim a cell as free:
> 9 7 mine

 │123456789│
—|—————————│
1|/////////│
2|/////////│
3|/////////│
4|/////////│
5|///////11│
6|///////1.│
7|///////2*│
8|///////1.│
9|///////1.│
—│—————————│
Set/unset mines marks or claim a cell as free:
> 9 7 mine

 │123456789│
—|—————————│
1|/////////│
2|/////////│
3|/////////│
4|/////////│
5|///////11│
6|///////1.│
7|///////2.│
8|///////1.│
9|///////1.│
—│—————————│
Set/unset mines marks or claim a cell as free:
> 9 7 free

 │123456789│
—|—————————│
1|/////////│
2|/////////│
3|/////////│
4|/////////│
5|///////11│
6|///////1.│
7|///////22│
8|///////1.│
9|///////1.│
—│—————————│
Set/unset mines marks or claim a cell as free:
> 9 9 free

 │123456789│
—|—————————│
1|/////////│
2|/////////│
3|/////////│
4|/////////│
5|///////11│
6|///////1.│
7|///////22│
8|///////1.│
9|///////11│
—│—————————│
Set/unset mines marks or claim a cell as free:
> 9 8 free

 │123456789│
—|—————————│
1|/////////│
2|/////////│
3|/////////│
4|/////////│
5|///////11│
6|///////1X│
7|///////22│
8|///////1X│
9|///////11│
—│—————————│
You stepped on a mine and failed!
?[1;31m
Start test 26?[0m
How many mines do you want on the field?
> 2

 │123456789│
—|—————————│
1|.........│
2|.........│
3|.........│
4|.........│
5|.........│
6|.........│
7|.........│
8|.........│
9|.........│
—│—————————│
Set/unset mines marks or claim a cell as free:
> 1 1 free

 │123456789│
—|—————————│
1|1........│
2|.........│
3|.........│
4|.........│
5|.........│
6|.........│
7|.........│
8|.........│
9|.........│
—│—————————│
Set/unset mines marks or claim a cell as free:
> 1 7 free

 │123456789│
—|—————————│
1|1.1///1..│
2|..1///111│
3|111//////│
4|/////////│
5|/////////│
6|/////////│
7|/////////│
8|/////////│
9|/////////│
—│—————————│
Set/unset mines marks or claim a cell as free:
> 8 1 free

 │123456789│
—|—————————│
1|1.1///1X.│
2|.X1///111│
3|111//////│
4|/////////│
5|/////////│
6|/////////│
7|/////////│
8|/////////│
9|/////////│
—│—————————│
You stepped on a mine and failed!
?[1;31m
Start test 27?[0m
How many mines do you want on the field?
> 2

 │123456789│
—|—————————│
1|.........│
2|.........│
3|.........│
4|.........│
5|.........│
6|.........│
7|.........│
8|.........│
9|.........│
—│—————————│
Set/unset mines marks or claim a cell as free:
> 6 5 mine

 │123456789│
—|—————————│
1|.........│
2|.........│
3|.........│
4|.........│
5|.....*...│
6|.........│
7|.........│
8|.........│
9|.........│
—│—————————│
Set/unset mines marks or claim a cell as free:
> 8 8 free

 │123456789│
—|—————————│
1|////1.1//│
2|////111//│
3|/////////│
4|/////////│
5|/////////│
6|/////////│
7|/////////│
8|///111///│
9|///1.1///│
—│—————————│
Set/unset mines marks or claim a cell as free:
> 5 9 free

 │123456789│
—|—————————│
1|////1X1//│
2|////111//│
3|/////////│
4|/////////│
5|/////////│
6|/////////│
7|/////////│
8|///111///│
9|///1X1///│
—│—————————│
You stepped on a mine and failed!
?[1;31m
Start test 28?[0m
How many mines do you want on the field?
> 2

 │123456789│
—|—————————│
1|.........│
2|.........│
3|.........│
4|.........│
5|.........│
6|.........│
7|.........│
8|.........│
9|.........│
—│—————————│
Set/unset mines marks or claim a cell as free:
> 1 9 mine

 │123456789│
—|—————————│
1|.........│
2|.........│
3|.........│
4|.........│
5|.........│
6|.........│
7|.........│
8|.........│
9|*........│
—│—————————│
Set/unset mines marks or claim a cell as free:
> 1 9 mine

 │123456789│
—|—————————│
1|.........│
2|.........│
3|.........│
4|.........│
5|.........│
6|.........│
7|.........│
8|.........│
9|.........│
—│—————————│
Set/unset mines marks or claim a cell as free:
> 2 7 mine

 │123456789│
—|—————————│
1|.........│
2|.........│
3|.........│
4|.........│
5|.........│
6|.........│
7|.*.......│
8|.........│
9|.........│
—│—————————│
Set/unset mines marks or claim a cell as free:
> 9 9 free

 │123456789│
—|—————————│
1|/////1.1/│
2|////1221/│
3|////1.1//│
4|////111//│
5|/////////│
6|/////////│
7|/////////│
8|/////////│
9|/////////│
—│—————————│
Set/unset mines marks or claim a cell as free:
> 6 3 free

 │123456789│
—|—————————│
1|/////1X1/│
2|////1221/│
3|////1X1//│
4|////111//│
5|/////////│
6|/////////│
7|/////////│
8|/////////│
9|/////////│
—│—————————│
You stepped on a mine and failed!
?[1;31m
Start test 29?[0m
How many mines do you want on the field?
> 2

 │123456789│
—|—————————│
1|.........│
2|.........│
3|.........│
4|.........│
5|.........│
6|.........│
7|.........│
8|.........│
9|.........│
—│—————————│
Set/unset mines marks or claim a cell as free:
> 3 7 free

 │123456789│
—|—————————│
1|/////////│
2|/////////│
3|/////////│
4|//////111│
5|//////1..│
6|//////111│
7|/////////│
8|///111///│
9|///1.1///│
—│—————————│
Set/unset mines marks or claim a cell as free:
> 9 5 free

 │123456789│
—|—————————│
1|/////////│
2|/////////│
3|/////////│
4|//////111│
5|//////1.1│
6|//////111│
7|/////////│
8|///111///│
9|///1.1///│
—│—————————│
Set/unset mines marks or claim a cell as free:
> 5 9 mine

 │123456789│
—|—————————│
1|/////////│
2|/////////│
3|/////////│
4|//////111│
5|//////1.1│
6|//////111│
7|/////////│
8|///111///│
9|///1*1///│
—│—————————│
Set/unset mines marks or claim a cell as free:
> 8 5 free

 │123456789│
—|—————————│
1|/////////│
2|/////////│
3|/////////│
4|//////111│
5|//////1X1│
6|//////111│
7|/////////│
8|///111///│
9|///1X1///│
—│—————————│
You stepped on a mine and failed!
?[1;31m
Start test 30?[0m
How many mines do you want on the field?
> 2

 │123456789│
—|—————————│
1|.........│
2|.........│
3|.........│
4|.........│
5|.........│
6|.........│
7|.........│
8|.........│
9|.........│
—│—————————│
Set/unset mines marks or claim a cell as free:
> 7 8 free

 │123456789│
—|—————————│
1|/1.1//1..│
2|/111//111│
3|/////////│
4|/////////│
5|/////////│
6|/////////│
7|/////////│
8|/////////│
9|/////////│
—│—————————│
Set/unset mines marks or claim a cell as free:
> 9 1 mine

 │123456789│
—|—————————│
1|/1.1//1.*│
2|/111//111│
3|/////////│
4|/////////│
5|/////////│
6|/////////│
7|/////////│
8|/////////│
9|/////////│
—│—————————│
Set/unset mines marks or claim a cell as free:
> 8 1 free

 │123456789│
—|—————————│
1|/1X1//1X*│
2|/111//111│
3|/////////│
4|/////////│
5|/////////│
6|/////////│
7|/////////│
8|/////////│
9|/////////│
—│—————————│
You stepped on a mine and failed!
?[1;31m
Start test 31?[0m
How many mines do you want on the field?
> 2

 │123456789│
—|—————————│
1|.........│
2|.........│
3|.........│
4|.........│
5|.........│
6|.........│
7|.........│
8|.........│
9|.........│
—│—————————│
Set/unset mines marks or claim a cell as free:
> 2 5 mine

 │123456789│
—|—————————│
1|.........│
2|.........│
3|.........│
4|.........│
5|.*.......│
6|.........│
7|.........│
8|.........│
9|.........│
—│—————————│
Set/unset mines marks or claim a cell as free:
> 6 1 free

 │123456789│
—|—————————│
1|/////////│
2|/////////│
3|111///111│
4|..1///1..│
5|111///111│
6|/////////│
7|/////////│
8|/////////│
9|/////////│
—│—————————│
Set/unset mines marks or claim a cell as free:
> 8 4 mine

 │123456789│
—|—————————│
1|/////////│
2|/////////│
3|111///111│
4|..1///1*.│
5|111///111│
6|/////////│
7|/////////│
8|/////////│
9|/////////│
—│—————————│
Set/unset mines marks or claim a cell as free:
> 9 4 free

 │123456789│
—|—————————│
1|/////////│
2|/////////│
3|111///111│
4|..1///1*1│
5|111///111│
6|/////////│
7|/////////│
8|/////////│
9|/////////│
—│—————————│
Set/unset mines marks or claim a cell as free:
> 1 4 free

 │123456789│
—|—————————│
1|/////////│
2|/////////│
3|111///111│
4|1.1///1*1│
5|111///111│
6|/////////│
7|/////////│
8|/////////│
9|/////////│
—│—————————│
Set/unset mines marks or claim a cell as free:
> 2 4 free

 │123456789│
—|—————————│
1|/////////│
2|/////////│
3|111///111│
4|1X1///1X1│
5|111///111│
6|/////////│
7|/////////│
8|/////////│
9|/////////│
—│—————————│
You stepped on a mine and failed!
?[1;31m
Start test 32?[0m
How many mines do you want on the field?
> 2

 │123456789│
—|—————————│
1|.........│
2|.........│
3|.........│
4|.........│
5|.........│
6|.........│
7|.........│
8|.........│
9|.........│
—│—————————│
Set/unset mines marks or claim a cell as free:
> 1 5 free

 │123456789│
—|—————————│
1|/////////│
2|/////////│
3|/////////│
4|/////////│
5|/////////│
6|////111//│
7|/1111.1//│
8|/1.1111//│
9|/1.1/////│
—│—————————│
Set/unset mines marks or claim a cell as free:
> 6 7 mine

 │123456789│
—|—————————│
1|/////////│
2|/////////│
3|/////////│
4|/////////│
5|/////////│
6|////111//│
7|/1111*1//│
8|/1.1111//│
9|/1.1/////│
—│—————————│
Set/unset mines marks or claim a cell as free:
> 3 9 free

 │123456789│
—|—————————│
1|/////////│
2|/////////│
3|/////////│
4|/////////│
5|/////////│
6|////111//│
7|/1111*1//│
8|/1.1111//│
9|/111/////│
—│—————————│
Set/unset mines marks or claim a cell as free:
> 6 7 mine

 │123456789│
—|—————————│
1|/////////│
2|/////////│
3|/////////│
4|/////////│
5|/////////│
6|////111//│
7|/1111.1//│
8|/1.1111//│
9|/111/////│
—│—————————│
Set/unset mines marks or claim a cell as free:
> 3 8 mine

 │123456789│
—|—————————│
1|/////////│
2|/////////│
3|/////////│
4|/////////│
5|/////////│
6|////111//│
7|/1111.1//│
8|/1*1111//│
9|/111/////│
—│—————————│
Set/unset mines marks or claim a cell as free:
> 6 7 free

 │123456789│
—|—————————│
1|/////////│
2|/////////│
3|/////////│
4|/////////│
5|/////////│
6|////111//│
7|/1111X1//│
8|/1X1111//│
9|/111/////│
—│—————————│
You stepped on a mine and failed!
?[1;31m
Start test 33?[0m
How many mines do you want on the field?
> 2

 │123456789│
—|—————————│
1|.........│
2|.........│
3|.........│
4|.........│
5|.........│
6|.........│
7|.........│
8|.........│
9|.........│
—│—————————│
Set/unset mines marks or claim a cell as free:
> 3 6 free

 │123456789│
—|—————————│
1|///1.1///│
2|///2.2///│
3|///2.2///│
4|///111///│
5|/////////│
6|/////////│
7|/////////│
8|/////////│
9|/////////│
—│—————————│
Set/unset mines marks or claim a cell as free:
> 5 3 mine

 │123456789│
—|—————————│
1|///1.1///│
2|///2.2///│
3|///2*2///│
4|///111///│
5|/////////│
6|/////////│
7|/////////│
8|/////////│
9|/////////│
—│—————————│
Set/unset mines marks or claim a cell as free:
> 5 2 free

 │123456789│
—|—————————│
1|///1.1///│
2|///2X2///│
3|///2X2///│
4|///111///│
5|/////////│
6|/////////│
7|/////////│
8|/////////│
9|/////////│
—│—————————│
You stepped on a mine and failed!
?[1;31m
Start test 34?[0m
How many mines do you want on the field?
> 2

 │123456789│
—|—————————│
1|.........│
2|.........│
3|.........│
4|.........│
5|.........│
6|.........│
7|.........│
8|.........│
9|.........│
—│—————————│
Set/unset mines marks or claim a cell as free:
> 3 6 free

 │123456789│
—|—————————│
1|/1.1/////│
2|/111/////│
3|/////////│
4|/////////│
5|/////////│
6|/////////│
7|////111//│
8|////1.1//│
9|////1.1//│
—│—————————│
Set/unset mines marks or claim a cell as free:
> 3 1 free

 │123456789│
—|—————————│
1|/1X1/////│
2|/111/////│
3|/////////│
4|/////////│
5|/////////│
6|/////////│
7|////111//│
8|////1X1//│
9|////1.1//│
—│—————————│
You stepped on a mine and failed!
?[1;31m
Start test 35?[0m
How many mines do you want on the field?
> 2

 │123456789│
—|—————————│
1|.........│
2|.........│
3|.........│
4|.........│
5|.........│
6|.........│
7|.........│
8|.........│
9|.........│
—│—————————│
Set/unset mines marks or claim a cell as free:
> 3 1 free

 │123456789│
—|—————————│
1|/////////│
2|/////////│
3|111//////│
4|..1//////│
5|1221/////│
6|/1.1/////│
7|/111/////│
8|/////////│
9|/////////│
—│—————————│
Set/unset mines marks or claim a cell as free:
> 2 4 free

 │123456789│
—|—————————│
1|/////////│
2|/////////│
3|111//////│
4|.X1//////│
5|1221/////│
6|/1X1/////│
7|/111/////│
8|/////////│
9|/////////│
—│—————————│
You stepped on a mine and failed!
?[1;31m
Start test 36?[0m
How many mines do you want on the field?
> 2

 │123456789│
—|—————————│
1|.........│
2|.........│
3|.........│
4|.........│
5|.........│
6|.........│
7|.........│
8|.........│
9|.........│
—│—————————│
Set/unset mines marks or claim a cell as free:
> 9 9 free

 │123456789│
—|—————————│
1|///1.1///│
2|///2.2///│
3|///1.1///│
4|///111///│
5|/////////│
6|/////////│
7|/////////│
8|/////////│
9|/////////│
—│—————————│
Set/unset mines marks or claim a cell as free:
> 5 2 free

 │123456789│
—|—————————│
1|///1.1///│
2|///222///│
3|///1.1///│
4|///111///│
5|/////////│
6|/////////│
7|/////////│
8|/////////│
9|/////////│
—│—————————│
Set/unset mines marks or claim a cell as free:
> 5 1 free

 │123456789│
—|—————————│
1|///1X1///│
2|///222///│
3|///1X1///│
4|///111///│
5|/////////│
6|/////////│
7|/////////│
8|/////////│
9|/////////│
—│—————————│
You stepped on a mine and failed!
?[1;31m
Start test 37?[0m
How many mines do you want on the field?
> 2

 │123456789│
—|—————————│
1|.........│
2|.........│
3|.........│
4|.........│
5|.........│
6|.........│
7|.........│
8|.........│
9|.........│
—│—————————│
Set/unset mines marks or claim a cell as free:
> 5 1 free

 │123456789│
—|—————————│
1|/////////│
2|/////111/│
3|/////1.1/│
4|/////111/│
5|111//////│
6|..1//////│
7|111//////│
8|/////////│
9|/////////│
—│—————————│
Set/unset mines marks or claim a cell as free:
> 2 6 free

 │123456789│
—|—————————│
1|/////////│
2|/////111/│
3|/////1X1/│
4|/////111/│
5|111//////│
6|.X1//////│
7|111//////│
8|/////////│
9|/////////│
—│—————————│
You stepped on a mine and failed!
?[1;31m
Start test 38?[0m
How many mines do you want on the field?
> 2

 │123456789│
—|—————————│
1|.........│
2|.........│
3|.........│
4|.........│
5|.........│
6|.........│
7|.........│
8|.........│
9|.........│
—│—————————│
Set/unset mines marks or claim a cell as free:
> 8 1 free

 │123456789│
—|—————————│
1|/////////│
2|/////////│
3|//11211//│
4|//1...1//│
5|//11211//│
6|/////////│
7|/////////│
8|/////////│
9|/////////│
—│—————————│
Set/unset mines marks or claim a cell as free:
> 6 4 free

 │123456789│
—|—————————│
1|/////////│
2|/////////│
3|//11211//│
4|//1X.X1//│
5|//11211//│
6|/////////│
7|/////////│
8|/////////│
9|/////////│
—│—————————│
You stepped on a mine and failed!
?[1;31m
Start test 39?[0m
How many mines do you want on the field?
> 2

 │123456789│
—|—————————│
1|.........│
2|.........│
3|.........│
4|.........│
5|.........│
6|.........│
7|.........│
8|.........│
9|.........│
—│—————————│
Set/unset mines marks or claim a cell as free:
> 7 2 mine

 │123456789│
—|—————————│
1|.........│
2|......*..│
3|.........│
4|.........│
5|.........│
6|.........│
7|.........│
8|.........│
9|.........│
—│—————————│
Set/unset mines marks or claim a cell as free:
> 2 8 free

 │123456789│
—|—————————│
1|/////////│
2|///111///│
3|///1.1///│
4|///111///│
5|/////111/│
6|/////1.1/│
7|/////111/│
8|/////////│
9|/////////│
—│—————————│
Set/unset mines marks or claim a cell as free:
> 5 3 free

 │123456789│
—|—————————│
1|/////////│
2|///111///│
3|///1X1///│
4|///111///│
5|/////111/│
6|/////1X1/│
7|/////111/│
8|/////////│
9|/////////│
—│—————————│
You stepped on a mine and failed!
?[1;31m
Start test 40?[0m
How many mines do you want on the field?
> 2

 │123456789│
—|—————————│
1|.........│
2|.........│
3|.........│
4|.........│
5|.........│
6|.........│
7|.........│
8|.........│
9|.........│
—│—————————│
Set/unset mines marks or claim a cell as free:
> 6 4 free

 │123456789│
—|—————————│
1|/////////│
2|//////111│
3|//////1..│
4|//////111│
5|/////////│
6|/////////│
7|/////////│
8|/////111/│
9|/////1.1/│
—│—————————│
Set/unset mines marks or claim a cell as free:
> 9 3 free

 │123456789│
—|—————————│
1|/////////│
2|//////111│
3|//////1.1│
4|//////111│
5|/////////│
6|/////////│
7|/////////│
8|/////111/│
9|/////1.1/│
—│—————————│
Set/unset mines marks or claim a cell as free:
> 7 9 free

 │123456789│
—|—————————│
1|/////////│
2|//////111│
3|//////1X1│
4|//////111│
5|/////////│
6|/////////│
7|/////////│
8|/////111/│
9|/////1X1/│
—│—————————│
You stepped on a mine and failed!
?[1;31m
Start test 41?[0m
How many mines do you want on the field?
> 3

 │123456789│
—|—————————│
1|.........│
2|.........│
3|.........│
4|.........│
5|.........│
6|.........│
7|.........│
8|.........│
9|.........│
—│—————————│
Set/unset mines marks or claim a cell as free:
> 3 1 mine

 │123456789│
—|—————————│
1|..*......│
2|.........│
3|.........│
4|.........│
5|.........│
6|.........│
7|.........│
8|.........│
9|.........│
—│—————————│
Set/unset mines marks or claim a cell as free:
> 3 1 mine

 │123456789│
—|—————————│
1|.........│
2|.........│
3|.........│
4|.........│
5|.........│
6|.........│
7|.........│
8|.........│
9|.........│
—│—————————│
Set/unset mines marks or claim a cell as free:
> 2 7 mine

 │123456789│
—|—————————│
1|.........│
2|.........│
3|.........│
4|.........│
5|.........│
6|.........│
7|.*.......│
8|.........│
9|.........│
—│—————————│
Set/unset mines marks or claim a cell as free:
> 7 4 free

 │123456789│
—|—————————│
1|......1//│
2|......1//│
3|.....11//│
4|.....1///│
5|.....1///│
6|.....1111│
7|.*.......│
8|.........│
9|.........│
—│—————————│
Set/unset mines marks or claim a cell as free:
> 2 7 mine

 │123456789│
—|—————————│
1|......1//│
2|......1//│
3|.....11//│
4|.....1///│
5|.....1///│
6|.....1111│
7|.........│
8|.........│
9|.........│
—│—————————│
Set/unset mines marks or claim a cell as free:
> 9 7 free

 │123456789│
—|—————————│
1|......1//│
2|......1//│
3|.....11//│
4|.....1///│
5|.....1///│
6|.....1111│
7|........1│
8|.........│
9|.........│
—│—————————│
Set/unset mines marks or claim a cell as free:
> 2 5 free

 │123456789│
—|—————————│
1|////1.1//│
2|////1.1//│
3|////111//│
4|///111///│
5|///1.1///│
6|///111111│
7|//////1.1│
8|//////111│
9|/////////│
—│—————————│
Set/unset mines marks or claim a cell as free:
> 6 1 mine

 │123456789│
—|—————————│
1|////1*1//│
2|////1.1//│
3|////111//│
4|///111///│
5|///1.1///│
6|///111111│
7|//////1.1│
8|//////111│
9|/////////│
—│—————————│
Set/unset mines marks or claim a cell as free:
> 8 7 free

 │123456789│
—|—————————│
1|////1*1//│
2|////1X1//│
3|////111//│
4|///111///│
5|///1X1///│
6|///111111│
7|//////1X1│
8|//////111│
9|/////////│
—│—————————│
You stepped on a mine and failed!
?[1;31m
Start test 42?[0m
How many mines do you want on the field?
> 3

 │123456789│
—|—————————│
1|.........│
2|.........│
3|.........│
4|.........│
5|.........│
6|.........│
7|.........│
8|.........│
9|.........│
—│—————————│
Set/unset mines marks or claim a cell as free:
> 6 7 mine

 │123456789│
—|—————————│
1|.........│
2|.........│
3|.........│
4|.........│
5|.........│
6|.........│
7|.....*...│
8|.........│
9|.........│
—│—————————│
Set/unset mines marks or claim a cell as free:
> 6 7 mine

 │123456789│
—|—————————│
1|.........│
2|.........│
3|.........│
4|.........│
5|.........│
6|.........│
7|.........│
8|.........│
9|.........│
—│—————————│
Set/unset mines marks or claim a cell as free:
> 9 6 mine

 │123456789│
—|—————————│
1|.........│
2|.........│
3|.........│
4|.........│
5|.........│
6|........*│
7|.........│
8|.........│
9|.........│
—│—————————│
Set/unset mines marks or claim a cell as free:
> 3 9 free

 │123456789│
—|—————————│
1|///////1.│
2|///////1.│
3|///////11│
4|/////////│
5|11///////│
6|.2///////│
7|.2///////│
8|11///////│
9|/////////│
—│—————————│
Set/unset mines marks or claim a cell as free:
> 1 6 mine

 │123456789│
—|—————————│
1|///////1.│
2|///////1.│
3|///////11│
4|/////////│
5|11///////│
6|*2///////│
7|.2///////│
8|11///////│
9|/////////│
—│—————————│
Set/unset mines marks or claim a cell as free:
> 9 1 free

 │123456789│
—|—————————│
1|///////11│
2|///////1.│
3|///////11│
4|/////////│
5|11///////│
6|*2///////│
7|.2///////│
8|11///////│
9|/////////│
—│—————————│
Set/unset mines marks or claim a cell as free:
> 1 7 free

 │123456789│
—|—————————│
1|///////11│
2|///////1X│
3|///////11│
4|/////////│
5|11///////│
6|X2///////│
7|X2///////│
8|11///////│
9|/////////│
—│—————————│
You stepped on a mine and failed!
?[1;31m
Start test 43?[0m
How many mines do you want on the field?
> 3

 │123456789│
—|—————————│
1|.........│
2|.........│
3|.........│
4|.........│
5|.........│
6|.........│
7|.........│
8|.........│
9|.........│
—│—————————│
Set/unset mines marks or claim a cell as free:
> 6 3 free

 │123456789│
—|—————————│
1|/1.1//1..│
2|/1.1//1..│
3|/111//111│
4|/////////│
5|/////////│
6|/////////│
7|///111///│
8|///1.1///│
9|///1.1///│
—│—————————│
Set/unset mines marks or claim a cell as free:
> 9 2 mine

 │123456789│
—|—————————│
1|/1.1//1..│
2|/1.1//1.*│
3|/111//111│
4|/////////│
5|/////////│
6|/////////│
7|///111///│
8|///1.1///│
9|///1.1///│
—│—————————│
Set/unset mines marks or claim a cell as free:
> 8 1 free

 │123456789│
—|—————————│
1|/1.1//11.│
2|/1.1//1.*│
3|/111//111│
4|/////////│
5|/////////│
6|/////////│
7|///111///│
8|///1.1///│
9|///1.1///│
—│—————————│
Set/unset mines marks or claim a cell as free:
> 3 2 mine

 │123456789│
—|—————————│
1|/1.1//11.│
2|/1*1//1.*│
3|/111//111│
4|/////////│
5|/////////│
6|/////////│
7|///111///│
8|///1.1///│
9|///1.1///│
—│—————————│
Set/unset mines marks or claim a cell as free:
> 3 1 free

 │123456789│
—|—————————│
1|/111//11.│
2|/1*1//1.*│
3|/111//111│
4|/////////│
5|/////////│
6|/////////│
7|///111///│
8|///1.1///│
9|///1.1///│
—│—————————│
Set/unset mines marks or claim a cell as free:
> 8 2 mine

 │123456789│
—|—————————│
1|/111//11.│
2|/1*1//1**│
3|/111//111│
4|/////////│
5|/////////│
6|/////////│
7|///111///│
8|///1.1///│
9|///1.1///│
—│—————————│
Set/unset mines marks or claim a cell as free:
> 5 9 free

 │123456789│
—|—————————│
1|/111//11.│
2|/1*1//1**│
3|/111//111│
4|/////////│
5|/////////│
6|/////////│
7|///111///│
8|///1.1///│
9|///111///│
—│—————————│
Set/unset mines marks or claim a cell as free:
> 3 2 mine

 │123456789│
—|—————————│
1|/111//11.│
2|/1.1//1**│
3|/111//111│
4|/////////│
5|/////////│
6|/////////│
7|///111///│
8|///1.1///│
9|///111///│
—│—————————│
Set/unset mines marks or claim a cell as free:
> 9 1 mine

 │123456789│
—|—————————│
1|/111//11*│
2|/1.1//1**│
3|/111//111│
4|/////////│
5|/////////│
6|/////////│
7|///111///│
8|///1.1///│
9|///111///│
—│—————————│
Set/unset mines marks or claim a cell as free:
> 8 2 mine

 │123456789│
—|—————————│
1|/111//11*│
2|/1.1//1.*│
3|/111//111│
4|/////////│
5|/////////│
6|/////////│
7|///111///│
8|///1.1///│
9|///111///│
—│—————————│
Set/unset mines marks or claim a cell as free:
> 3 2 mine

 │123456789│
—|—————————│
1|/111//11*│
2|/1*1//1.*│
3|/111//111│
4|/////////│
5|/////////│
6|/////////│
7|///111///│
8|///1.1///│
9|///111///│
—│—————————│
Set/unset mines marks or claim a cell as free:
> 5 8 mine

 │123456789│
—|—————————│
1|/111//11*│
2|/1*1//1.*│
3|/111//111│
4|/////////│
5|/////////│
6|/////////│
7|///111///│
8|///1*1///│
9|///111///│
—│—————————│
Set/unset mines marks or claim a cell as free:
> 8 2 free

 │123456789│
—|—————————│
1|/111//11*│
2|/1X1//1X*│
3|/111//111│
4|/////////│
5|/////////│
6|/////////│
7|///111///│
8|///1X1///│
9|///111///│
—│—————————│
You stepped on a mine and failed!
?[1;31m
Start test 44?[0m
How many mines do you want on the field?
> 3

 │123456789│
—|—————————│
1|.........│
2|.........│
3|.........│
4|.........│
5|.........│
6|.........│
7|.........│
8|.........│
9|.........│
—│—————————│
Set/unset mines marks or claim a cell as free:
> 2 8 mine

 │123456789│
—|—————————│
1|.........│
2|.........│
3|.........│
4|.........│
5|.........│
6|.........│
7|.........│
8|.*.......│
9|.........│
—│—————————│
Set/unset mines marks or claim a cell as free:
> 9 6 mine

 │123456789│
—|—————————│
1|.........│
2|.........│
3|.........│
4|.........│
5|.........│
6|........*│
7|.........│
8|.*.......│
9|.........│
—│—————————│
Set/unset mines marks or claim a cell as free:
> 7 2 mine

 │123456789│
—|—————————│
1|.........│
2|......*..│
3|.........│
4|.........│
5|.........│
6|........*│
7|.........│
8|.*.......│
9|.........│
—│—————————│
Set/unset mines marks or claim a cell as free:
> 5 4 mine

 │123456789│
—|—————————│
1|.........│
2|......*..│
3|.........│
4|....*....│
5|.........│
6|........*│
7|.........│
8|.*.......│
9|.........│
—│—————————│
Set/unset mines marks or claim a cell as free:
> 2 1 mine

 │123456789│
—|—————————│
1|.*.......│
2|......*..│
3|.........│
4|....*....│
5|.........│
6|........*│
7|.........│
8|.*.......│
9|.........│
—│—————————│
Set/unset mines marks or claim a cell as free:
> 9 2 free

 │123456789│
—|—————————│
1|.*.......│
2|......*.1│
3|.........│
4|....*....│
5|.........│
6|........*│
7|.........│
8|.*.......│
9|.........│
—│—————————│
Set/unset mines marks or claim a cell as free:
> 2 8 mine

 │123456789│
—|—————————│
1|.*.......│
2|......*.1│
3|.........│
4|....*....│
5|.........│
6|........*│
7|.........│
8|.........│
9|.........│
—│—————————│
Set/unset mines marks or claim a cell as free:
> 3 5 free

 │123456789│
—|—————————│
1|//////1..│
2|//////111│
3|/////111/│
4|/////2.2/│
5|/////2.2/│
6|/////111/│
7|/////////│
8|/////////│
9|/////////│
—│—————————│
Set/unset mines marks or claim a cell as free:
> 8 1 mine

 │123456789│
—|—————————│
1|//////1*.│
2|//////111│
3|/////111/│
4|/////2.2/│
5|/////2.2/│
6|/////111/│
7|/////////│
8|/////////│
9|/////////│
—│—————————│
Set/unset mines marks or claim a cell as free:
> 9 1 free

 │123456789│
—|—————————│
1|//////1*1│
2|//////111│
3|/////111/│
4|/////2.2/│
5|/////2.2/│
6|/////111/│
7|/////////│
8|/////////│
9|/////////│
—│—————————│
Set/unset mines marks or claim a cell as free:
> 7 4 free

 │123456789│
—|—————————│
1|//////1X1│
2|//////111│
3|/////111/│
4|/////2X2/│
5|/////2X2/│
6|/////111/│
7|/////////│
8|/////////│
9|/////////│
—│—————————│
You stepped on a mine and failed!
?[1;31m
Start test 45?[0m
How many mines do you want on the field?
> 3

 │123456789│
—|—————————│
1|.........│
2|.........│
3|.........│
4|.........│
5|.........│
6|.........│
7|.........│
8|.........│
9|.........│
—│—————————│
Set/unset mines marks or claim a cell as free:
> 6 1 free

 │123456789│
—|—————————│
1|..1//////│
2|..1//////│
3|111//////│
4|///////11│
5|///////1.│
6|///////11│
7|///111///│
8|///1.1///│
9|///1.1///│
—│—————————│
Set/unset mines marks or claim a cell as free:
> 5 9 free

 │123456789│
—|—————————│
1|..1//////│
2|..1//////│
3|111//////│
4|///////11│
5|///////1.│
6|///////11│
7|///111///│
8|///1.1///│
9|///111///│
—│—————————│
Set/unset mines marks or claim a cell as free:
> 9 5 free

 │123456789│
—|—————————│
1|..1//////│
2|.X1//////│
3|111//////│
4|///////11│
5|///////1X│
6|///////11│
7|///111///│
8|///1X1///│
9|///111///│
—│—————————│
You stepped on a mine and failed!
?[1;31m
Start test 46?[0m
How many mines do you want on the field?
> 3

 │123456789│
—|—————————│
1|.........│
2|.........│
3|.........│
4|.........│
5|.........│
6|.........│
7|.........│
8|.........│
9|.........│
—│—————————│
Set/unset mines marks or claim a cell as free:
> 7 5 free

 │123456789│
—|—————————│
1|.........│
2|.........│
3|.........│
4|.........│
5|......1..│
6|.........│
7|.........│
8|.........│
9|.........│
—│—————————│
Set/unset mines marks or claim a cell as free:
> 6 5 mine

 │123456789│
—|—————————│
1|.........│
2|.........│
3|.........│
4|.........│
5|.....*1..│
6|.........│
7|.........│
8|.........│
9|.........│
—│—————————│
Set/unset mines marks or claim a cell as free:
> 3 4 free

 │123456789│
—|—————————│
1|//////1..│
2|//////1..│
3|//////111│
4|/////////│
5|////111//│
6|////1.1//│
7|////111//│
8|///111///│
9|///1.1///│
—│—————————│
Set/unset mines marks or claim a cell as free:
> 5 9 free

 │123456789│
—|—————————│
1|//////1..│
2|//////1X.│
3|//////111│
4|/////////│
5|////111//│
6|////1X1//│
7|////111//│
8|///111///│
9|///1X1///│
—│—————————│
You stepped on a mine and failed!
?[1;31m
Start test 47?[0m
How many mines do you want on the field?
> 3

 │123456789│
—|—————————│
1|.........│
2|.........│
3|.........│
4|.........│
5|.........│
6|.........│
7|.........│
8|.........│
9|.........│
—│—————————│
Set/unset mines marks or claim a cell as free:
> 9 9 free

 │123456789│
—|—————————│
1|/////////│
2|/////////│
3|/////////│
4|/////////│
5|11///////│
6|.1///////│
7|11///////│
8|//111111/│
9|//1....1/│
—│—————————│
Set/unset mines marks or claim a cell as free:
> 4 9 free

 │123456789│
—|—————————│
1|/////////│
2|/////////│
3|/////////│
4|/////////│
5|11///////│
6|X1///////│
7|11///////│
8|//111111/│
9|//1X..X1/│
—│—————————│
You stepped on a mine and failed!
?[1;31m
Start test 48?[0m
How many mines do you want on the field?
> 3

 │123456789│
—|—————————│
1|.........│
2|.........│
3|.........│
4|.........│
5|.........│
6|.........│
7|.........│
8|.........│
9|.........│
—│—————————│
Set/unset mines marks or claim a cell as free:
> 2 1 free

 │123456789│
—|—————————│
1|.1.......│
2|.........│
3|.........│
4|.........│
5|.........│
6|.........│
7|.........│
8|.........│
9|.........│
—│—————————│
Set/unset mines marks or claim a cell as free:
> 6 1 free

 │123456789│
—|—————————│
1|.1///////│
2|.211/////│
3|12.1/////│
4|/111/////│
5|/////////│
6|/////////│
7|/////////│
8|////111//│
9|////1.1//│
—│—————————│
Set/unset mines marks or claim a cell as free:
> 1 2 free

 │123456789│
—|—————————│
1|.1///////│
2|X211/////│
3|12X1/////│
4|/111/////│
5|/////////│
6|/////////│
7|/////////│
8|////111//│
9|////1X1//│
—│—————————│
You stepped on a mine and failed!
?[1;31m
Start test 49?[0m
How many mines do you want on the field?
> 3

 │123456789│
—|—————————│
1|.........│
2|.........│
3|.........│
4|.........│
5|.........│
6|.........│
7|.........│
8|.........│
9|.........│
—│—————————│
Set/unset mines marks or claim a cell as free:
> 8 6 mine

 │123456789│
—|—————————│
1|.........│
2|.........│
3|.........│
4|.........│
5|.........│
6|.......*.│
7|.........│
8|.........│
9|.........│
—│—————————│
Set/unset mines marks or claim a cell as free:
> 5 5 mine

 │123456789│
—|—————————│
1|.........│
2|.........│
3|.........│
4|.........│
5|....*....│
6|.......*.│
7|.........│
8|.........│
9|.........│
—│—————————│
Set/unset mines marks or claim a cell as free:
> 8 2 free

 │123456789│
—|—————————│
1|...1/////│
2|1221/////│
3|/////////│
4|/////////│
5|///111///│
6|///1.1///│
7|///111///│
8|/////////│
9|/////////│
—│—————————│
Set/unset mines marks or claim a cell as free:
> 1 1 free

 │123456789│
—|—————————│
1|1..1/////│
2|1221/////│
3|/////////│
4|/////////│
5|///111///│
6|///1.1///│
7|///111///│
8|/////////│
9|/////////│
—│—————————│
Set/unset mines marks or claim a cell as free:
> 3 1 mine

 │123456789│
—|—————————│
1|1.*1/////│
2|1221/////│
3|/////////│
4|/////////│
5|///111///│
6|///1.1///│
7|///111///│
8|/////////│
9|/////////│
—│—————————│
Set/unset mines marks or claim a cell as free:
> 2 1 mine

 │123456789│
—|—————————│
1|1**1/////│
2|1221/////│
3|/////////│
4|/////////│
5|///111///│
6|///1.1///│
7|///111///│
8|/////////│
9|/////////│
—│—————————│
Set/unset mines marks or claim a cell as free:
> 3 1 mine

 │123456789│
—|—————————│
1|1*.1/////│
2|1221/////│
3|/////////│
4|/////////│
5|///111///│
6|///1.1///│
7|///111///│
8|/////////│
9|/////////│
—│—————————│
Set/unset mines marks or claim a cell as free:
> 5 6 free

 │123456789│
—|—————————│
1|1XX1/////│
2|1221/////│
3|/////////│
4|/////////│
5|///111///│
6|///1X1///│
7|///111///│
8|/////////│
9|/////////│
—│—————————│
You stepped on a mine and failed!
?[1;31m
Start test 50?[0m
How many mines do you want on the field?
> 3

 │123456789│
—|—————————│
1|.........│
2|.........│
3|.........│
4|.........│
5|.........│
6|.........│
7|.........│
8|.........│
9|.........│
—│—————————│
Set/unset mines marks or claim a cell as free:
> 4 6 mine

 │123456789│
—|—————————│
1|.........│
2|.........│
3|.........│
4|.........│
5|.........│
6|...*.....│
7|.........│
8|.........│
9|.........│
—│—————————│
Set/unset mines marks or claim a cell as free:
> 1 4 free

 │123456789│
—|—————————│
1|.1///////│
2|11///////│
3|/////////│
4|/////////│
5|/////////│
6|/////111/│
7|///112.1/│
8|///1.211/│
9|///1.1///│
—│—————————│
Set/unset mines marks or claim a cell as free:
> 5 8 mine

 │123456789│
—|—————————│
1|.1///////│
2|11///////│
3|/////////│
4|/////////│
5|/////////│
6|/////111/│
7|///112.1/│
8|///1*211/│
9|///1.1///│
—│—————————│
Set/unset mines marks or claim a cell as free:
> 5 8 mine

 │123456789│
—|—————————│
1|.1///////│
2|11///////│
3|/////////│
4|/////////│
5|/////////│
6|/////111/│
7|///112.1/│
8|///1.211/│
9|///1.1///│
—│—————————│
Set/unset mines marks or claim a cell as free:
> 5 8 free

 │123456789│
—|—————————│
1|X1///////│
2|11///////│
3|/////////│
4|/////////│
5|/////////│
6|/////111/│
7|///112X1/│
8|///1X211/│
9|///1.1///│
—│—————————│
You stepped on a mine and failed!
?[1;31m
Start test 51?[0m
How many mines do you want on the field?
> 3

 │123456789│
—|—————————│
1|.........│
2|.........│
3|.........│
4|.........│
5|.........│
6|.........│
7|.........│
8|.........│
9|.........│
—│—————————│
Set/unset mines marks or claim a cell as free:
> 3 4 free

 │123456789│
—|—————————│
1|/////////│
2|//////111│
3|//////1..│
4|//////11.│
5|///////1.│
6|///////1.│
7|///////1.│
8|///////1.│
9|///////1.│
—│—————————│
Set/unset mines marks or claim a cell as free:
> 9 5 free

 │123456789│
—|—————————│
1|/////////│
2|//////111│
3|//////1..│
4|//////11.│
5|///////11│
6|///////1.│
7|///////1.│
8|///////1.│
9|///////1.│
—│—————————│
Set/unset mines marks or claim a cell as free:
> 9 3 free

 │123456789│
—|—————————│
1|/////////│
2|//////111│
3|//////1.1│
4|//////11.│
5|///////11│
6|///////1.│
7|///////1.│
8|///////1.│
9|///////1.│
—│—————————│
Set/unset mines marks or claim a cell as free:
> 9 8 free

 │123456789│
—|—————————│
1|/////////│
2|//////111│
3|//////1.1│
4|//////11.│
5|///////11│
6|///////1.│
7|///////1.│
8|///////11│
9|///////1.│
—│—————————│
Set/unset mines marks or claim a cell as free:
> 9 9 free

 │123456789│
—|—————————│
1|/////////│
2|//////111│
3|//////1X1│
4|//////11.│
5|///////11│
6|///////1X│
7|///////1.│
8|///////11│
9|///////1X│
—│—————————│
You stepped on a mine and failed!
?[1;31m
Start test 52?[0m
How many mines do you want on the field?
> 3

 │123456789│
—|—————————│
1|.........│
2|.........│
3|.........│
4|.........│
5|.........│
6|.........│
7|.........│
8|.........│
9|.........│
—│—————————│
Set/unset mines marks or claim a cell as free:
> 3 8 free

 │123456789│
—|—————————│
1|////1.1//│
2|////1.1//│
3|////111//│
4|/////////│
5|/////////│
6|////111//│
7|////1.211│
8|////112..│
9|//////1..│
—│—————————│
Set/unset mines marks or claim a cell as free:
> 9 9 mine

 │123456789│
—|—————————│
1|////1.1//│
2|////1.1//│
3|////111//│
4|/////////│
5|/////////│
6|////111//│
7|////1.211│
8|////112..│
9|//////1.*│
—│—————————│
Set/unset mines marks or claim a cell as free:
> 9 8 free

 │123456789│
—|—————————│
1|////1.1//│
2|////1.1//│
3|////111//│
4|/////////│
5|/////////│
6|////111//│
7|////1.211│
8|////112.1│
9|//////1.*│
—│—————————│
Set/unset mines marks or claim a cell as free:
> 8 9 free

 │123456789│
—|—————————│
1|////1.1//│
2|////1.1//│
3|////111//│
4|/////////│
5|/////////│
6|////111//│
7|////1.211│
8|////112.1│
9|//////11*│
—│—————————│
Set/unset mines marks or claim a cell as free:
> 9 9 mine

 │123456789│
—|—————————│
1|////1.1//│
2|////1.1//│
3|////111//│
4|/////////│
5|/////////│
6|////111//│
7|////1.211│
8|////112.1│
9|//////11.│
—│—————————│
Set/unset mines marks or claim a cell as free:
> 6 1 free

 │123456789│
—|—————————│
1|////111//│
2|////1.1//│
3|////111//│
4|/////////│
5|/////////│
6|////111//│
7|////1.211│
8|////112.1│
9|//////11.│
—│—————————│
Set/unset mines marks or claim a cell as free:
> 9 9 mine

 │123456789│
—|—————————│
1|////111//│
2|////1.1//│
3|////111//│
4|/////////│
5|/////////│
6|////111//│
7|////1.211│
8|////112.1│
9|//////11*│
—│—————————│
Set/unset mines marks or claim a cell as free:
> 6 2 mine

 │123456789│
—|—————————│
1|////111//│
2|////1*1//│
3|////111//│
4|/////////│
5|/////////│
6|////111//│
7|////1.211│
8|////112.1│
9|//////11*│
—│—————————│
Set/unset mines marks or claim a cell as free:
> 6 2 mine

 │123456789│
—|—————————│
1|////111//│
2|////1.1//│
3|////111//│
4|/////////│
5|/////////│
6|////111//│
7|////1.211│
8|////112.1│
9|//////11*│
—│—————————│
Set/unset mines marks or claim a cell as free:
> 6 7 free

 │123456789│
—|—————————│
1|////111//│
2|////1X1//│
3|////111//│
4|/////////│
5|/////////│
6|////111//│
7|////1X211│
8|////112X1│
9|//////11*│
—│—————————│
You stepped on a mine and failed!
?[1;31m
Start test 53?[0m
How many mines do you want on the field?
> 3

 │123456789│
—|—————————│
1|.........│
2|.........│
3|.........│
4|.........│
5|.........│
6|.........│
7|.........│
8|.........│
9|.........│
—│—————————│
Set/unset mines marks or claim a cell as free:
> 7 4 free

 │123456789│
—|—————————│
1|//1.1////│
2|//1.1////│
3|//111////│
4|/////////│
5|11///////│
6|.1///////│
7|.1111////│
8|....1////│
9|....1////│
—│—————————│
Set/unset mines marks or claim a cell as free:
> 3 8 free

 │123456789│
—|—————————│
1|//1.1////│
2|//1.1////│
3|//111////│
4|/////////│
5|11///////│
6|.1///////│
7|.1111////│
8|..1.1////│
9|....1////│
—│—————————│
Set/unset mines marks or claim a cell as free:
> 3 9 free

 │123456789│
—|—————————│
1|//1.1////│
2|//1.1////│
3|//111////│
4|/////////│
5|11///////│
6|.1///////│
7|.1111////│
8|..1.1////│
9|..1.1////│
—│—————————│
Set/unset mines marks or claim a cell as free:
> 4 8 free

 │123456789│
—|—————————│
1|//1.1////│
2|//1X1////│
3|//111////│
4|/////////│
5|11///////│
6|X1///////│
7|.1111////│
8|..1X1////│
9|..1.1////│
—│—————————│
You stepped on a mine and failed!
?[1;31m
Start test 54?[0m
How many mines do you want on the field?
> 3

 │123456789│
—|—————————│
1|.........│
2|.........│
3|.........│
4|.........│
5|.........│
6|.........│
7|.........│
8|.........│
9|.........│
—│—————————│
Set/unset mines marks or claim a cell as free:
> 6 9 free

 │123456789│
—|—————————│
1|.........│
2|.........│
3|.........│
4|.........│
5|.........│
6|.........│
7|.........│
8|.........│
9|.....1...│
—│—————————│
Set/unset mines marks or claim a cell as free:
> 3 6 free

 │123456789│
—|—————————│
1|/////////│
2|/////////│
3|111//////│
4|..1//////│
5|111//////│
6|/////////│
7|//////111│
8|///1111..│
9|///1.1...│
—│—————————│
Set/unset mines marks or claim a cell as free:
> 9 8 mine

 │123456789│
—|—————————│
1|/////////│
2|/////////│
3|111//////│
4|..1//////│
5|111//////│
6|/////////│
7|//////111│
8|///1111.*│
9|///1.1...│
—│—————————│
Set/unset mines marks or claim a cell as free:
> 7 9 free

 │123456789│
—|—————————│
1|/////////│
2|/////////│
3|111//////│
4|..1//////│
5|111//////│
6|/////////│
7|//////111│
8|///1111.*│
9|///1.11..│
—│—————————│
Set/unset mines marks or claim a cell as free:
> 1 4 free

 │123456789│
—|—————————│
1|/////////│
2|/////////│
3|111//////│
4|1.1//////│
5|111//////│
6|/////////│
7|//////111│
8|///1111.*│
9|///1.11..│
—│—————————│
Set/unset mines marks or claim a cell as free:
> 8 9 free

 │123456789│
—|—————————│
1|/////////│
2|/////////│
3|111//////│
4|1.1//////│
5|111//////│
6|/////////│
7|//////111│
8|///1111.*│
9|///1.111.│
—│—————————│
Set/unset mines marks or claim a cell as free:
> 2 4 mine

 │123456789│
—|—————————│
1|/////////│
2|/////////│
3|111//////│
4|1*1//////│
5|111//////│
6|/////////│
7|//////111│
8|///1111.*│
9|///1.111.│
—│—————————│
Set/unset mines marks or claim a cell as free:
> 9 9 free

 │123456789│
—|—————————│
1|/////////│
2|/////////│
3|111//////│
4|1*1//////│
5|111//////│
6|/////////│
7|//////111│
8|///1111.*│
9|///1.1111│
—│—————————│
Set/unset mines marks or claim a cell as free:
> 8 8 free

 │123456789│
—|—————————│
1|/////////│
2|/////////│
3|111//////│
4|1X1//////│
5|111//////│
6|/////////│
7|//////111│
8|///1111X*│
9|///1X1111│
—│—————————│
You stepped on a mine and failed!
?[1;31m
Start test 55?[0m
How many mines do you want on the field?
> 3

 │123456789│
—|—————————│
1|.........│
2|.........│
3|.........│
4|.........│
5|.........│
6|.........│
7|.........│
8|.........│
9|.........│
—│—————————│
Set/unset mines marks or claim a cell as free:
> 4 2 free

 │123456789│
—|—————————│
1|.........│
2|...1.....│
3|.........│
4|.........│
5|.........│
6|.........│
7|.........│
8|.........│
9|.........│
—│—————————│
Set/unset mines marks or claim a cell as free:
> 2 9 mine

 │123456789│
—|—————————│
1|.........│
2|...1.....│
3|.........│
4|.........│
5|.........│
6|.........│
7|.........│
8|.........│
9|.*.......│
—│—————————│
Set/unset mines marks or claim a cell as free:
> 2 9 mine

 │123456789│
—|—————————│
1|.........│
2|...1.....│
3|.........│
4|.........│
5|.........│
6|.........│
7|.........│
8|.........│
9|.........│
—│—————————│
Set/unset mines marks or claim a cell as free:
> 5 8 mine

 │123456789│
—|—————————│
1|.........│
2|...1.....│
3|.........│
4|.........│
5|.........│
6|.........│
7|.........│
8|....*....│
9|.........│
—│—————————│
Set/unset mines marks or claim a cell as free:
> 5 5 mine

 │123456789│
—|—————————│
1|.........│
2|...1.....│
3|.........│
4|.........│
5|....*....│
6|.........│
7|.........│
8|....*....│
9|.........│
—│—————————│
Set/unset mines marks or claim a cell as free:
> 5 5 mine

 │123456789│
—|—————————│
1|.........│
2|...1.....│
3|.........│
4|.........│
5|.........│
6|.........│
7|.........│
8|....*....│
9|.........│
—│—————————│
Set/unset mines marks or claim a cell as free:
> 9 3 mine

 │123456789│
—|—————————│
1|.........│
2|...1.....│
3|........*│
4|.........│
5|.........│
6|.........│
7|.........│
8|....*....│
9|.........│
—│—————————│
Set/unset mines marks or claim a cell as free:
> 9 3 mine

 │123456789│
—|—————————│
1|.........│
2|...1.....│
3|.........│
4|.........│
5|.........│
6|.........│
7|.........│
8|....*....│
9|.........│
—│—————————│
Set/unset mines marks or claim a cell as free:
> 5 8 mine

 │123456789│
—|—————————│
1|.........│
2|...1.....│
3|.........│
4|.........│
5|.........│
6|.........│
7|.........│
8|.........│
9|.........│
—│—————————│
Set/unset mines marks or claim a cell as free:
> 7 5 mine

 │123456789│
—|—————————│
1|.........│
2|...1.....│
3|.........│
4|.........│
5|......*..│
6|.........│
7|.........│
8|.........│
9|.........│
—│—————————│
Set/unset mines marks or claim a cell as free:
> 8 8 free

 │123456789│
—|—————————│
1|//1.1////│
2|//111////│
3|/////////│
4|/////////│
5|/////////│
6|/////////│
7|////111//│
8|////2.2//│
9|////2.2//│
—│—————————│
Set/unset mines marks or claim a cell as free:
> 4 1 free

 │123456789│
—|—————————│
1|//1X1////│
2|//111////│
3|/////////│
4|/////////│
5|/////////│
6|/////////│
7|////111//│
8|////2X2//│
9|////2X2//│
—│—————————│
You stepped on a mine and failed!
?[1;31m
Start test 56?[0m
How many mines do you want on the field?
> 3

 │123456789│
—|—————————│
1|.........│
2|.........│
3|.........│
4|.........│
5|.........│
6|.........│
7|.........│
8|.........│
9|.........│
—│—————————│
Set/unset mines marks or claim a cell as free:
> 3 8 free

 │123456789│
—|—————————│
1|///////1.│
2|///////11│
3|/////////│
4|111//////│
5|..1//////│
6|111////11│
7|///////1.│
8|///////11│
9|/////////│
—│—————————│
Set/unset mines marks or claim a cell as free:
> 1 5 free

 │123456789│
—|—————————│
1|///////1.│
2|///////11│
3|/////////│
4|111//////│
5|1.1//////│
6|111////11│
7|///////1.│
8|///////11│
9|/////////│
—│—————————│
Set/unset mines marks or claim a cell as free:
> 9 7 mine

 │123456789│
—|—————————│
1|///////1.│
2|///////11│
3|/////////│
4|111//////│
5|1.1//////│
6|111////11│
7|///////1*│
8|///////11│
9|/////////│
—│—————————│
Set/unset mines marks or claim a cell as free:
> 9 1 free

 │123456789│
—|—————————│
1|///////1X│
2|///////11│
3|/////////│
4|111//////│
5|1X1//////│
6|111////11│
7|///////1X│
8|///////11│
9|/////////│
—│—————————│
You stepped on a mine and failed!
?[1;31m
Start test 57?[0m
How many mines do you want on the field?
> 3

 │123456789│
—|—————————│
1|.........│
2|.........│
3|.........│
4|.........│
5|.........│
6|.........│
7|.........│
8|.........│
9|.........│
—│—————————│
Set/unset mines marks or claim a cell as free:
> 1 8 free

 │123456789│
—|—————————│
1|///1.1///│
2|///1221//│
3|////1.1//│
4|////111//│
5|/////////│
6|/111/////│
7|/1.1/////│
8|/111/////│
9|/////////│
—│—————————│
Set/unset mines marks or claim a cell as free:
> 5 1 free

 │123456789│
—|—————————│
1|///1X1///│
2|///1221//│
3|////1X1//│
4|////111//│
5|/////////│
6|/111/////│
7|/1X1/////│
8|/111/////│
9|/////////│
—│—————————│
You stepped on a mine and failed!
?[1;31m
Start test 58?[0m
How many mines do you want on the field?
> 3

 │123456789│
—|—————————│
1|.........│
2|.........│
3|.........│
4|.........│
5|.........│
6|.........│
7|.........│
8|.........│
9|.........│
—│—————————│
Set/unset mines marks or claim a cell as free:
> 2 4 free

 │123456789│
—|—————————│
1|////1.1//│
2|////111//│
3|/////////│
4|/////////│
5|///////11│
6|///////1.│
7|///////1.│
8|/////111.│
9|/////1...│
—│—————————│
Set/unset mines marks or claim a cell as free:
> 9 9 free

 │123456789│
—|—————————│
1|////1.1//│
2|////111//│
3|/////////│
4|/////////│
5|///////11│
6|///////1.│
7|///////11│
8|/////111/│
9|/////1.1/│
—│—————————│
Set/unset mines marks or claim a cell as free:
> 6 1 free

 │123456789│
—|—————————│
1|////1X1//│
2|////111//│
3|/////////│
4|/////////│
5|///////11│
6|///////1X│
7|///////11│
8|/////111/│
9|/////1X1/│
—│—————————│
You stepped on a mine and failed!
?[1;31m
Start test 59?[0m
How many mines do you want on the field?
> 3

 │123456789│
—|—————————│
1|.........│
2|.........│
3|.........│
4|.........│
5|.........│
6|.........│
7|.........│
8|.........│
9|.........│
—│—————————│
Set/unset mines marks or claim a cell as free:
> 2 8 mine

 │123456789│
—|—————————│
1|.........│
2|.........│
3|.........│
4|.........│
5|.........│
6|.........│
7|.........│
8|.*.......│
9|.........│
—│—————————│
Set/unset mines marks or claim a cell as free:
> 3 5 mine

 │123456789│
—|—————————│
1|.........│
2|.........│
3|.........│
4|.........│
5|..*......│
6|.........│
7|.........│
8|.*.......│
9|.........│
—│—————————│
Set/unset mines marks or claim a cell as free:
> 5 9 mine

 │123456789│
—|—————————│
1|.........│
2|.........│
3|.........│
4|.........│
5|..*......│
6|.........│
7|.........│
8|.*.......│
9|....*....│
—│—————————│
Set/unset mines marks or claim a cell as free:
> 5 9 mine

 │123456789│
—|—————————│
1|.........│
2|.........│
3|.........│
4|.........│
5|..*......│
6|.........│
7|.........│
8|.*.......│
9|.........│
—│—————————│
Set/unset mines marks or claim a cell as free:
> 7 5 mine

 │123456789│
—|—————————│
1|.........│
2|.........│
3|.........│
4|.........│
5|..*...*..│
6|.........│
7|.........│
8|.*.......│
9|.........│
—│—————————│
Set/unset mines marks or claim a cell as free:
> 2 6 free

 │123456789│
—|—————————│
1|/////////│
2|/111//111│
3|/1.1//1..│
4|/111//111│
5|/////////│
6|/////////│
7|/111/////│
8|/1.1/////│
9|/1.1/////│
—│—————————│
Set/unset mines marks or claim a cell as free:
> 9 3 free

 │123456789│
—|—————————│
1|/////////│
2|/111//111│
3|/1.1//1.1│
4|/111//111│
5|/////////│
6|/////////│
7|/111/////│
8|/1.1/////│
9|/1.1/////│
—│—————————│
Set/unset mines marks or claim a cell as free:
> 3 3 mine

 │123456789│
—|—————————│
1|/////////│
2|/111//111│
3|/1*1//1.1│
4|/111//111│
5|/////////│
6|/////////│
7|/111/////│
8|/1.1/////│
9|/1.1/////│
—│—————————│
Set/unset mines marks or claim a cell as free:
> 3 9 mine

 │123456789│
—|—————————│
1|/////////│
2|/111//111│
3|/1*1//1.1│
4|/111//111│
5|/////////│
6|/////////│
7|/111/////│
8|/1.1/////│
9|/1*1/////│
—│—————————│
Set/unset mines marks or claim a cell as free:
> 3 9 mine

 │123456789│
—|—————————│
1|/////////│
2|/111//111│
3|/1*1//1.1│
4|/111//111│
5|/////////│
6|/////////│
7|/111/////│
8|/1.1/////│
9|/1.1/////│
—│—————————│
Set/unset mines marks or claim a cell as free:
> 3 3 mine

 │123456789│
—|—————————│
1|/////////│
2|/111//111│
3|/1.1//1.1│
4|/111//111│
5|/////////│
6|/////////│
7|/111/////│
8|/1.1/////│
9|/1.1/////│
—│—————————│
Set/unset mines marks or claim a cell as free:
> 3 9 free

 │123456789│
—|—————————│
1|/////////│
2|/111//111│
3|/1.1//1.1│
4|/111//111│
5|/////////│
6|/////////│
7|/111/////│
8|/1.1/////│
9|/111/////│
—│—————————│
Set/unset mines marks or claim a cell as free:
> 3 8 free

 │123456789│
—|—————————│
1|/////////│
2|/111//111│
3|/1X1//1X1│
4|/111//111│
5|/////////│
6|/////////│
7|/111/////│
8|/1X1/////│
9|/111/////│
—│—————————│
You stepped on a mine and failed!
?[1;31m
Start test 60?[0m
How many mines do you want on the field?
> 3

 │123456789│
—|—————————│
1|.........│
2|.........│
3|.........│
4|.........│
5|.........│
6|.........│
7|.........│
8|.........│
9|.........│
—│—————————│
Set/unset mines marks or claim a cell as free:
> 3 8 free

 │123456789│
—|—————————│
1|.........│
2|.........│
3|.........│
4|.........│
5|.........│
6|.........│
7|.........│
8|..1......│
9|.........│
—│—————————│
Set/unset mines marks or claim a cell as free:
> 2 1 free

 │123456789│
—|—————————│
1|/////////│
2|///111///│
3|///1.1/11│
4|///111/1.│
5|///////11│
6|/111/////│
7|/1.1/////│
8|/111/////│
9|/////////│
—│—————————│
Set/unset mines marks or claim a cell as free:
> 5 3 free

 │123456789│
—|—————————│
1|/////////│
2|///111///│
3|///1X1/11│
4|///111/1X│
5|///////11│
6|/111/////│
7|/1X1/////│
8|/111/////│
9|/////////│
—│—————————│
You stepped on a mine and failed!
?[1;31m
Start test 61?[0m
How many mines do you want on the field?
> 4

 │123456789│
—|—————————│
1|.........│
2|.........│
3|.........│
4|.........│
5|.........│
6|.........│
7|.........│
8|.........│
9|.........│
—│—————————│
Set/unset mines marks or claim a cell as free:
> 4 9 free

 │123456789│
—|—————————│
1|.....X...│
2|..X......│
3|.........│
4|.........│
5|.........│
6|.....X...│
7|.........│
8|.........│
9|...X.....│
—│—————————│
You stepped on a mine and failed!
?[1;31m
Start test 62?[0m
How many mines do you want on the field?
> 4

 │123456789│
—|—————————│
1|.........│
2|.........│
3|.........│
4|.........│
5|.........│
6|.........│
7|.........│
8|.........│
9|.........│
—│—————————│
Set/unset mines marks or claim a cell as free:
> 2 2 mine

 │123456789│
—|—————————│
1|.........│
2|.*.......│
3|.........│
4|.........│
5|.........│
6|.........│
7|.........│
8|.........│
9|.........│
—│—————————│
Set/unset mines marks or claim a cell as free:
> 7 8 free

 │123456789│
—|—————————│
1|.........│
2|.*.......│
3|.........│
4|.........│
5|.........│
6|.........│
7|.........│
8|......1..│
9|.........│
—│—————————│
Set/unset mines marks or claim a cell as free:
> 1 6 free

 │123456789│
—|—————————│
1|.1///////│
2|.1///////│
3|11///////│
4|/////////│
5|/////111/│
6|///112.1/│
7|///1...1/│
8|///111111│
9|//////1..│
—│—————————│
Set/unset mines marks or claim a cell as free:
> 8 9 free

 │123456789│
—|—————————│
1|.1///////│
2|X1///////│
3|11///////│
4|/////////│
5|/////111/│
6|///112X1/│
7|///1X..1/│
8|///111111│
9|//////1X.│
—│—————————│
You stepped on a mine and failed!
?[1;31m
Start test 63?[0m
How many mines do you want on the field?
> 4

 │123456789│
—|—————————│
1|.........│
2|.........│
3|.........│
4|.........│
5|.........│
6|.........│
7|.........│
8|.........│
9|.........│
—│—————————│
Set/unset mines marks or claim a cell as free:
> 2 8 free

 │123456789│
—|—————————│
1|//////1..│
2|//////111│
3|/////////│
4|////111//│
5|///12.1//│
6|///1.21//│
7|///111/11│
8|///////1.│
9|///////1.│
—│—————————│
Set/unset mines marks or claim a cell as free:
> 9 9 free

 │123456789│
—|—————————│
1|//////1..│
2|//////111│
3|/////////│
4|////111//│
5|///12.1//│
6|///1.21//│
7|///111/11│
8|///////1.│
9|///////11│
—│—————————│
Set/unset mines marks or claim a cell as free:
> 9 8 mine

 │123456789│
—|—————————│
1|//////1..│
2|//////111│
3|/////////│
4|////111//│
5|///12.1//│
6|///1.21//│
7|///111/11│
8|///////1*│
9|///////11│
—│—————————│
Set/unset mines marks or claim a cell as free:
> 9 1 free

 │123456789│
—|—————————│
1|//////1.1│
2|//////111│
3|/////////│
4|////111//│
5|///12.1//│
6|///1.21//│
7|///111/11│
8|///////1*│
9|///////11│
—│—————————│
Set/unset mines marks or claim a cell as free:
> 8 1 free

 │123456789│
—|—————————│
1|//////1X1│
2|//////111│
3|/////////│
4|////111//│
5|///12X1//│
6|///1X21//│
7|///111/11│
8|///////1X│
9|///////11│
—│—————————│
You stepped on a mine and failed!
?[1;31m
Start test 64?[0m
How many mines do you want on the field?
> 4

 │123456789│
—|—————————│
1|.........│
2|.........│
3|.........│
4|.........│
5|.........│
6|.........│
7|.........│
8|.........│
9|.........│
—│—————————│
Set/unset mines marks or claim a cell as free:
> 6 5 free

 │123456789│
—|—————————│
1|.........│
2|.........│
3|.........│
4|.........│
5|.....1...│
6|.........│
7|.........│
8|.........│
9|.........│
—│—————————│
Set/unset mines marks or claim a cell as free:
> 1 9 mine

 │123456789│
—|—————————│
1|.........│
2|.........│
3|.........│
4|.........│
5|.....1...│
6|.........│
7|.........│
8|.........│
9|*........│
—│—————————│
Set/unset mines marks or claim a cell as free:
> 9 4 free

 │123456789│
—|—————————│
1|.........│
2|.........│
3|..XX.....│
4|.....X..X│
5|.....1...│
6|.........│
7|.........│
8|.........│
9|*........│
—│—————————│
You stepped on a mine and failed!
?[1;31m
Start test 65?[0m
How many mines do you want on the field?
> 4

 │123456789│
—|—————————│
1|.........│
2|.........│
3|.........│
4|.........│
5|.........│
6|.........│
7|.........│
8|.........│
9|.........│
—│—————————│
Set/unset mines marks or claim a cell as free:
> 7 7 free

 │123456789│
—|—————————│
1|.........│
2|.........│
3|.........│
4|.........│
5|.........│
6|.........│
7|......1..│
8|.........│
9|.........│
—│—————————│
Set/unset mines marks or claim a cell as free:
> 8 8 free

 │123456789│
—|—————————│
1|.........│
2|.........│
3|.........│
4|.........│
5|.........│
6|.........│
7|......1..│
8|.......1.│
9|.........│
—│—————————│
Set/unset mines marks or claim a cell as free:
> 6 3 mine

 │123456789│
—|—————————│
1|.........│
2|.........│
3|.....*...│
4|.........│
5|.........│
6|.........│
7|......1..│
8|.......1.│
9|.........│
—│—————————│
Set/unset mines marks or claim a cell as free:
> 7 9 free

 │123456789│
—|—————————│
1|//1.1////│
2|/1221////│
3|/1.1/////│
4|/111/////│
5|////111//│
6|////1.1//│
7|////111//│
8|///////11│
9|///////1.│
—│—————————│
Set/unset mines marks or claim a cell as free:
> 6 6 mine

 │123456789│
—|—————————│
1|//1.1////│
2|/1221////│
3|/1.1/////│
4|/111/////│
5|////111//│
6|////1*1//│
7|////111//│
8|///////11│
9|///////1.│
—│—————————│
Set/unset mines marks or claim a cell as free:
> 3 3 mine

 │123456789│
—|—————————│
1|//1.1////│
2|/1221////│
3|/1*1/////│
4|/111/////│
5|////111//│
6|////1*1//│
7|////111//│
8|///////11│
9|///////1.│
—│—————————│
Set/unset mines marks or claim a cell as free:
> 4 1 free

 │123456789│
—|—————————│
1|//1X1////│
2|/1221////│
3|/1X1/////│
4|/111/////│
5|////111//│
6|////1X1//│
7|////111//│
8|///////11│
9|///////1X│
—│—————————│
You stepped on a mine and failed!
?[1;31m
Start test 66?[0m
How many mines do you want on the field?
> 4

 │123456789│
—|—————————│
1|.........│
2|.........│
3|.........│
4|.........│
5|.........│
6|.........│
7|.........│
8|.........│
9|.........│
—│—————————│
Set/unset mines marks or claim a cell as free:
> 1 5 mine

 │123456789│
—|—————————│
1|.........│
2|.........│
3|.........│
4|.........│
5|*........│
6|.........│
7|.........│
8|.........│
9|.........│
—│—————————│
Set/unset mines marks or claim a cell as free:
> 1 5 mine

 │123456789│
—|—————————│
1|.........│
2|.........│
3|.........│
4|.........│
5|.........│
6|.........│
7|.........│
8|.........│
9|.........│
—│—————————│
Set/unset mines marks or claim a cell as free:
> 7 3 free

 │123456789│
—|—————————│
1|/////////│
2|111//////│
3|..21/////│
4|...1/////│
5|..21/////│
6|111//////│
7|///////11│
8|///////1.│
9|///////1.│
—│—————————│
Set/unset mines marks or claim a cell as free:
> 2 3 free

 │123456789│
—|—————————│
1|/////////│
2|111//////│
3|.X21/////│
4|..X1/////│
5|.X21/////│
6|111//////│
7|///////11│
8|///////1X│
9|///////1.│
—│—————————│
You stepped on a mine and failed!
?[1;31m
Start test 67?[0m
How many mines do you want on the field?
> 4

 │123456789│
—|—————————│
1|.........│
2|.........│
3|.........│
4|.........│
5|.........│
6|.........│
7|.........│
8|.........│
9|.........│
—│—————————│
Set/unset mines marks or claim a cell as free:
> 8 5 mine

 │123456789│
—|—————————│
1|.........│
2|.........│
3|.........│
4|.........│
5|.......*.│
6|.........│
7|.........│
8|.........│
9|.........│
—│—————————│
Set/unset mines marks or claim a cell as free:
> 8 7 free

 │123456789│
—|—————————│
1|/////////│
2|/////////│
3|/////////│
4|111//////│
5|..1111///│
6|.....1///│
7|12.211///│
8|/111/////│
9|/////////│
—│—————————│
Set/unset mines marks or claim a cell as free:
> 5 6 mine

 │123456789│
—|—————————│
1|/////////│
2|/////////│
3|/////////│
4|111//////│
5|..1111///│
6|....*1///│
7|12.211///│
8|/111/////│
9|/////////│
—│—————————│
Set/unset mines marks or claim a cell as free:
> 4 6 free

 │123456789│
—|—————————│
1|/////////│
2|/////////│
3|/////////│
4|111//////│
5|..1111///│
6|...2*1///│
7|12.211///│
8|/111/////│
9|/////////│
—│—————————│
Set/unset mines marks or claim a cell as free:
> 1 6 free

 │123456789│
—|—————————│
1|/////////│
2|/////////│
3|/////////│
4|111//////│
5|.X1111///│
6|X..2X1///│
7|12X211///│
8|/111/////│
9|/////////│
—│—————————│
You stepped on a mine and failed!
?[1;31m
Start test 68?[0m
How many mines do you want on the field?
> 4

 │123456789│
—|—————————│
1|.........│
2|.........│
3|.........│
4|.........│
5|.........│
6|.........│
7|.........│
8|.........│
9|.........│
—│—————————│
Set/unset mines marks or claim a cell as free:
> 9 9 free

 │123456789│
—|—————————│
1|/1.1/////│
2|/111///11│
3|///////1.│
4|//111//11│
5|//1.21///│
6|//12.1///│
7|///111///│
8|/////////│
9|/////////│
—│—————————│
Set/unset mines marks or claim a cell as free:
> 3 1 mine

 │123456789│
—|—————————│
1|/1*1/////│
2|/111///11│
3|///////1.│
4|//111//11│
5|//1.21///│
6|//12.1///│
7|///111///│
8|/////////│
9|/////////│
—│—————————│
Set/unset mines marks or claim a cell as free:
> 9 3 free

 │123456789│
—|—————————│
1|/1X1/////│
2|/111///11│
3|///////1X│
4|//111//11│
5|//1X21///│
6|//12X1///│
7|///111///│
8|/////////│
9|/////////│
—│—————————│
You stepped on a mine and failed!
?[1;31m
Start test 69?[0m
How many mines do you want on the field?
> 4

 │123456789│
—|—————————│
1|.........│
2|.........│
3|.........│
4|.........│
5|.........│
6|.........│
7|.........│
8|.........│
9|.........│
—│—————————│
Set/unset mines marks or claim a cell as free:
> 3 8 free

 │123456789│
—|—————————│
1|///1.1///│
2|///1.1///│
3|///111///│
4|/////////│
5|////111//│
6|////1.1//│
7|////2.31/│
8|////1..1/│
9|////1..1/│
—│—————————│
Set/unset mines marks or claim a cell as free:
> 6 7 free

 │123456789│
—|—————————│
1|///1.1///│
2|///1.1///│
3|///111///│
4|/////////│
5|////111//│
6|////1.1//│
7|////2331/│
8|////1..1/│
9|////1..1/│
—│—————————│
Set/unset mines marks or claim a cell as free:
> 7 8 free

 │123456789│
—|—————————│
1|///1.1///│
2|///1X1///│
3|///111///│
4|/////////│
5|////111//│
6|////1X1//│
7|////2331/│
8|////1XX1/│
9|////1..1/│
—│—————————│
You stepped on a mine and failed!
?[1;31m
Start test 70?[0m
How many mines do you want on the field?
> 4

 │123456789│
—|—————————│
1|.........│
2|.........│
3|.........│
4|.........│
5|.........│
6|.........│
7|.........│
8|.........│
9|.........│
—│—————————│
Set/unset mines marks or claim a cell as free:
> 3 5 free

 │123456789│
—|—————————│
1|/////////│
2|//////122│
3|11////1..│
4|.1////122│
5|11///////│
6|/////////│
7|//////111│
8|//////1..│
9|//////1..│
—│—————————│
Set/unset mines marks or claim a cell as free:
> 8 9 free

 │123456789│
—|—————————│
1|/////////│
2|//////122│
3|11////1..│
4|.1////122│
5|11///////│
6|/////////│
7|//////111│
8|//////1..│
9|//////11.│
—│—————————│
Set/unset mines marks or claim a cell as free:
> 9 9 free

 │123456789│
—|—————————│
1|/////////│
2|//////122│
3|11////1..│
4|.1////122│
5|11///////│
6|/////////│
7|//////111│
8|//////1..│
9|//////111│
—│—————————│
Set/unset mines marks or claim a cell as free:
> 8 8 free

 │123456789│
—|—————————│
1|/////////│
2|//////122│
3|11////1XX│
4|X1////122│
5|11///////│
6|/////////│
7|//////111│
8|//////1X.│
9|//////111│
—│—————————│
You stepped on a mine and failed!
?[1;31m
Start test 71?[0m
How many mines do you want on the field?
> 4

 │123456789│
—|—————————│
1|.........│
2|.........│
3|.........│
4|.........│
5|.........│
6|.........│
7|.........│
8|.........│
9|.........│
—│—————————│
Set/unset mines marks or claim a cell as free:
> 8 5 free

 │123456789│
—|—————————│
1|/////////│
2|///////11│
3|////1111.│
4|////1.111│
5|////111//│
6|/////////│
7|///111///│
8|///1.211/│
9|///1...1/│
—│—————————│
Set/unset mines marks or claim a cell as free:
> 6 4 free

 │123456789│
—|—————————│
1|/////////│
2|///////11│
3|////1111X│
4|////1X111│
5|////111//│
6|/////////│
7|///111///│
8|///1X211/│
9|///1..X1/│
—│—————————│
You stepped on a mine and failed!
?[1;31m
Start test 72?[0m
How many mines do you want on the field?
> 4

 │123456789│
—|—————————│
1|.........│
2|.........│
3|.........│
4|.........│
5|.........│
6|.........│
7|.........│
8|.........│
9|.........│
—│—————————│
Set/unset mines marks or claim a cell as free:
> 8 4 free

 │123456789│
—|—————————│
1|.........│
2|.........│
3|.........│
4|.......1.│
5|.........│
6|.........│
7|.........│
8|.........│
9|.........│
—│—————————│
Set/unset mines marks or claim a cell as free:
> 1 7 free

 │123456789│
—|—————————│
1|.........│
2|.........│
3|.........│
4|.......1.│
5|.........│
6|.........│
7|1........│
8|.........│
9|.........│
—│—————————│
Set/unset mines marks or claim a cell as free:
> 6 6 mine

 │123456789│
—|—————————│
1|.........│
2|.........│
3|.........│
4|.......1.│
5|.........│
6|.....*...│
7|1........│
8|.........│
9|.........│
—│—————————│
Set/unset mines marks or claim a cell as free:
> 2 3 mine

 │123456789│
—|—————————│
1|.........│
2|.........│
3|.*.......│
4|.......1.│
5|.........│
6|.....*...│
7|1........│
8|.........│
9|.........│
—│—————————│
Set/unset mines marks or claim a cell as free:
> 7 1 free

 │123456789│
—|—————————│
1|///1.1///│
2|//12.1///│
3|//1..211/│
4|//1111.1/│
5|/////111/│
6|/////////│
7|111//////│
8|..1//////│
9|..1//////│
—│—————————│
Set/unset mines marks or claim a cell as free:
> 5 3 mine

 │123456789│
—|—————————│
1|///1.1///│
2|//12.1///│
3|//1.*211/│
4|//1111.1/│
5|/////111/│
6|/////////│
7|111//////│
8|..1//////│
9|..1//////│
—│—————————│
Set/unset mines marks or claim a cell as free:
> 2 8 mine

 │123456789│
—|—————————│
1|///1.1///│
2|//12.1///│
3|//1.*211/│
4|//1111.1/│
5|/////111/│
6|/////////│
7|111//////│
8|.*1//////│
9|..1//////│
—│—————————│
Set/unset mines marks or claim a cell as free:
> 5 2 free

 │123456789│
—|—————————│
1|///1.1///│
2|//12X1///│
3|//1X*211/│
4|//1111X1/│
5|/////111/│
6|/////////│
7|111//////│
8|.X1//////│
9|..1//////│
—│—————————│
You stepped on a mine and failed!
?[1;31m
Start test 73?[0m
How many mines do you want on the field?
> 4

 │123456789│
—|—————————│
1|.........│
2|.........│
3|.........│
4|.........│
5|.........│
6|.........│
7|.........│
8|.........│
9|.........│
—│—————————│
Set/unset mines marks or claim a cell as free:
> 5 1 free

 │123456789│
—|—————————│
1|....1....│
2|.........│
3|.........│
4|.........│
5|.........│
6|.........│
7|.........│
8|.........│
9|.........│
—│—————————│
Set/unset mines marks or claim a cell as free:
> 7 6 mine

 │123456789│
—|—————————│
1|....1....│
2|.........│
3|.........│
4|.........│
5|.........│
6|......*..│
7|.........│
8|.........│
9|.........│
—│—————————│
Set/unset mines marks or claim a cell as free:
> 6 4 free

 │123456789│
—|—————————│
1|....1....│
2|.........│
3|.........│
4|.....1...│
5|.........│
6|......*..│
7|.........│
8|.........│
9|.........│
—│—————————│
Set/unset mines marks or claim a cell as free:
> 4 7 free

 │123456789│
—|—————————│
1|//1.1....│
2|//1......│
3|//1111...│
4|/////1...│
5|/////1121│
6|/////////│
7|/////////│
8|/////////│
9|/////////│
—│—————————│
Set/unset mines marks or claim a cell as free:
> 7 3 free

 │123456789│
—|—————————│
1|//1.1....│
2|//1......│
3|//11111..│
4|/////1...│
5|/////1121│
6|/////////│
7|/////////│
8|/////////│
9|/////////│
—│—————————│
Set/unset mines marks or claim a cell as free:
> 7 2 mine

 │123456789│
—|—————————│
1|//1.1....│
2|//1...*..│
3|//11111..│
4|/////1...│
5|/////1121│
6|/////////│
7|/////////│
8|/////////│
9|/////////│
—│—————————│
Set/unset mines marks or claim a cell as free:
> 7 1 mine

 │123456789│
—|—————————│
1|//1.1.*..│
2|//1...*..│
3|//11111..│
4|/////1...│
5|/////1121│
6|/////////│
7|/////////│
8|/////////│
9|/////////│
—│—————————│
Set/unset mines marks or claim a cell as free:
> 8 3 free

 │123456789│
—|—————————│
1|//1.1.*..│
2|//1...*..│
3|//111113.│
4|/////1...│
5|/////1121│
6|/////////│
7|/////////│
8|/////////│
9|/////////│
—│—————————│
Set/unset mines marks or claim a cell as free:
> 7 4 free

 │123456789│
—|—————————│
1|//1.1.*..│
2|//1X..*.X│
3|//111113.│
4|/////1X.X│
5|/////1121│
6|/////////│
7|/////////│
8|/////////│
9|/////////│
—│—————————│
You stepped on a mine and failed!
?[1;31m
Start test 74?[0m
How many mines do you want on the field?
> 4

 │123456789│
—|—————————│
1|.........│
2|.........│
3|.........│
4|.........│
5|.........│
6|.........│
7|.........│
8|.........│
9|.........│
—│—————————│
Set/unset mines marks or claim a cell as free:
> 6 8 free

 │123456789│
—|—————————│
1|///1...1/│
2|///1...1/│
3|///11211/│
4|/////////│
5|///////11│
6|///////1.│
7|11/////11│
8|.1///////│
9|.1///////│
—│—————————│
Set/unset mines marks or claim a cell as free:
> 1 8 free

 │123456789│
—|—————————│
1|///1...1/│
2|///1X.X1/│
3|///11211/│
4|/////////│
5|///////11│
6|///////1X│
7|11/////11│
8|X1///////│
9|.1///////│
—│—————————│
You stepped on a mine and failed!
?[1;31m
Start test 75?[0m
How many mines do you want on the field?
> 4

 │123456789│
—|—————————│
1|.........│
2|.........│
3|.........│
4|.........│
5|.........│
6|.........│
7|.........│
8|.........│
9|.........│
—│—————————│
Set/unset mines marks or claim a cell as free:
> 8 6 mine

 │123456789│
—|—————————│
1|.........│
2|.........│
3|.........│
4|.........│
5|.........│
6|.......*.│
7|.........│
8|.........│
9|.........│
—│—————————│
Set/unset mines marks or claim a cell as free:
> 7 9 free

 │123456789│
—|—————————│
1|/1.1/////│
2|/1.1/////│
3|/111/////│
4|/////////│
5|/////111/│
6|//1111.21│
7|//1.1112.│
8|//111//11│
9|/////////│
—│—————————│
Set/unset mines marks or claim a cell as free:
> 7 6 free

 │123456789│
—|—————————│
1|/1.1/////│
2|/1X1/////│
3|/111/////│
4|/////////│
5|/////111/│
6|//1111X21│
7|//1X1112X│
8|//111//11│
9|/////////│
—│—————————│
You stepped on a mine and failed!
?[1;31m
Start test 76?[0m
How many mines do you want on the field?
> 4

 │123456789│
—|—————————│
1|.........│
2|.........│
3|.........│
4|.........│
5|.........│
6|.........│
7|.........│
8|.........│
9|.........│
—│—————————│
Set/unset mines marks or claim a cell as free:
> 9 1 free

 │123456789│
—|—————————│
1|.....1///│
2|.....1///│
3|.....2///│
4|.....1///│
5|...111///│
6|...1/////│
7|12.1/////│
8|/111/////│
9|/////////│
—│—————————│
Set/unset mines marks or claim a cell as free:
> 5 4 free

 │123456789│
—|—————————│
1|.....1///│
2|....X1///│
3|.....2///│
4|....X1///│
5|...111///│
6|.X.1/////│
7|12X1/////│
8|/111/////│
9|/////////│
—│—————————│
You stepped on a mine and failed!
?[1;31m
Start test 77?[0m
How many mines do you want on the field?
> 4

 │123456789│
—|—————————│
1|.........│
2|.........│
3|.........│
4|.........│
5|.........│
6|.........│
7|.........│
8|.........│
9|.........│
—│—————————│
Set/unset mines marks or claim a cell as free:
> 9 4 mine

 │123456789│
—|—————————│
1|.........│
2|.........│
3|.........│
4|........*│
5|.........│
6|.........│
7|.........│
8|.........│
9|.........│
—│—————————│
Set/unset mines marks or claim a cell as free:
> 1 7 free

 │123456789│
—|—————————│
1|....1////│
2|12.21////│
3|/1.1/////│
4|/111/////│
5|/////////│
6|/////////│
7|//111////│
8|//1.1////│
9|//1.1////│
—│—————————│
Set/unset mines marks or claim a cell as free:
> 4 8 mine

 │123456789│
—|—————————│
1|....1////│
2|12.21////│
3|/1.1/////│
4|/111/////│
5|/////////│
6|/////////│
7|//111////│
8|//1*1////│
9|//1.1////│
—│—————————│
Set/unset mines marks or claim a cell as free:
> 3 3 free

 │123456789│
—|—————————│
1|.X.X1////│
2|12.21////│
3|/1X1/////│
4|/111/////│
5|/////////│
6|/////////│
7|//111////│
8|//1X1////│
9|//1.1////│
—│—————————│
You stepped on a mine and failed!
?[1;31m
Start test 78?[0m
How many mines do you want on the field?
> 4

 │123456789│
—|—————————│
1|.........│
2|.........│
3|.........│
4|.........│
5|.........│
6|.........│
7|.........│
8|.........│
9|.........│
—│—————————│
Set/unset mines marks or claim a cell as free:
> 5 4 mine

 │123456789│
—|—————————│
1|.........│
2|.........│
3|.........│
4|....*....│
5|.........│
6|.........│
7|.........│
8|.........│
9|.........│
—│—————————│
Set/unset mines marks or claim a cell as free:
> 8 7 free

 │123456789│
—|—————————│
1|.........│
2|.........│
3|.........│
4|....*....│
5|.........│
6|......211│
7|......1//│
8|......111│
9|.........│
—│—————————│
Set/unset mines marks or claim a cell as free:
> 1 3 free

 │123456789│
—|—————————│
1|/////////│
2|/////////│
3|/////////│
4|111///111│
5|..1/112..│
6|111/1.211│
7|////111//│
8|//////111│
9|//////1..│
—│—————————│
Set/unset mines marks or claim a cell as free:
> 6 6 mine

 │123456789│
—|—————————│
1|/////////│
2|/////////│
3|/////////│
4|111///111│
5|..1/112..│
6|111/1*211│
7|////111//│
8|//////111│
9|//////1..│
—│—————————│
Set/unset mines marks or claim a cell as free:
> 6 6 mine

 │123456789│
—|—————————│
1|/////////│
2|/////////│
3|/////////│
4|111///111│
5|..1/112..│
6|111/1.211│
7|////111//│
8|//////111│
9|//////1..│
—│—————————│
Set/unset mines marks or claim a cell as free:
> 9 5 mine

 │123456789│
—|—————————│
1|/////////│
2|/////////│
3|/////////│
4|111///111│
5|..1/112.*│
6|111/1.211│
7|////111//│
8|//////111│
9|//////1..│
—│—————————│
Set/unset mines marks or claim a cell as free:
> 9 9 mine

 │123456789│
—|—————————│
1|/////////│
2|/////////│
3|/////////│
4|111///111│
5|..1/112.*│
6|111/1.211│
7|////111//│
8|//////111│
9|//////1.*│
—│—————————│
Set/unset mines marks or claim a cell as free:
> 6 6 free

 │123456789│
—|—————————│
1|/////////│
2|/////////│
3|/////////│
4|111///111│
5|.X1/112X*│
6|111/1X211│
7|////111//│
8|//////111│
9|//////1X*│
—│—————————│
You stepped on a mine and failed!
?[1;31m
Start test 79?[0m
How many mines do you want on the field?
> 4

 │123456789│
—|—————————│
1|.........│
2|.........│
3|.........│
4|.........│
5|.........│
6|.........│
7|.........│
8|.........│
9|.........│
—│—————————│
Set/unset mines marks or claim a cell as free:
> 8 5 free

 │123456789│
—|—————————│
1|.........│
2|.........│
3|.........│
4|.........│
5|.......1.│
6|.........│
7|.........│
8|.........│
9|.........│
—│—————————│
Set/unset mines marks or claim a cell as free:
> 2 8 mine

 │123456789│
—|—————————│
1|.........│
2|.........│
3|.........│
4|.........│
5|.......1.│
6|.........│
7|.........│
8|.*.......│
9|.........│
—│—————————│
Set/unset mines marks or claim a cell as free:
> 2 8 mine

 │123456789│
—|—————————│
1|.........│
2|.........│
3|.........│
4|.........│
5|.......1.│
6|.........│
7|.........│
8|.........│
9|.........│
—│—————————│
Set/unset mines marks or claim a cell as free:
> 7 8 free

 │123456789│
—|—————————│
1|.........│
2|.........│
3|.........│
4|.........│
5|.......1.│
6|.........│
7|.........│
8|......1..│
9|.........│
—│—————————│
Set/unset mines marks or claim a cell as free:
> 6 9 free

 │123456789│
—|—————————│
1|.........│
2|.........│
3|.........│
4|.........│
5|.......1.│
6|.........│
7|.........│
8|......1..│
9|.....1...│
—│—————————│
Set/unset mines marks or claim a cell as free:
> 4 2 mine

 │123456789│
—|—————————│
1|.........│
2|...*.....│
3|.........│
4|.........│
5|.......1.│
6|.........│
7|.........│
8|......1..│
9|.....1...│
—│—————————│
Set/unset mines marks or claim a cell as free:
> 5 1 free

 │123456789│
—|—————————│
1|/////////│
2|/////////│
3|/////////│
4|//111////│
5|//1.1/111│
6|11111/1..│
7|.1////1..│
8|11///11..│
9|/////1...│
—│—————————│
Set/unset mines marks or claim a cell as free:
> 8 6 free

 │123456789│
—|—————————│
1|/////////│
2|/////////│
3|/////////│
4|//111////│
5|//1X1/111│
6|11111/1X.│
7|X1////1..│
8|11///11..│
9|/////1X..│
—│—————————│
You stepped on a mine and failed!
?[1;31m
Start test 80?[0m
How many mines do you want on the field?
> 4

 │123456789│
—|—————————│
1|.........│
2|.........│
3|.........│
4|.........│
5|.........│
6|.........│
7|.........│
8|.........│
9|.........│
—│—————————│
Set/unset mines marks or claim a cell as free:
> 4 7 mine

 │123456789│
—|—————————│
1|.........│
2|.........│
3|.........│
4|.........│
5|.........│
6|.........│
7|...*.....│
8|.........│
9|.........│
—│—————————│
Set/unset mines marks or claim a cell as free:
> 4 7 mine

 │123456789│
—|—————————│
1|.........│
2|.........│
3|.........│
4|.........│
5|.........│
6|.........│
7|.........│
8|.........│
9|.........│
—│—————————│
Set/unset mines marks or claim a cell as free:
> 7 8 mine

 │123456789│
—|—————————│
1|.........│
2|.........│
3|.........│
4|.........│
5|.........│
6|.........│
7|.........│
8|......*..│
9|.........│
—│—————————│
Set/unset mines marks or claim a cell as free:
> 4 3 free

 │123456789│
—|—————————│
1|///////1.│
2|///////1.│
3|///////11│
4|/////////│
5|////111//│
6|111/1.1//│
7|..1/1221/│
8|111//1*1/│
9|/////1.1/│
—│—————————│
Set/unset mines marks or claim a cell as free:
> 7 9 mine

 │123456789│
—|—————————│
1|///////1.│
2|///////1.│
3|///////11│
4|/////////│
5|////111//│
6|111/1.1//│
7|..1/1221/│
8|111//1*1/│
9|/////1*1/│
—│—————————│
Set/unset mines marks or claim a cell as free:
> 1 7 free

 │123456789│
—|—————————│
1|///////1.│
2|///////1.│
3|///////11│
4|/////////│
5|////111//│
6|111/1.1//│
7|1.1/1221/│
8|111//1*1/│
9|/////1*1/│
—│—————————│
Set/unset mines marks or claim a cell as free:
> 6 6 free

 │123456789│
—|—————————│
1|///////1.│
2|///////1X│
3|///////11│
4|/////////│
5|////111//│
6|111/1X1//│
7|1X1/1221/│
8|111//1X1/│
9|/////1*1/│
—│—————————│
You stepped on a mine and failed!
?[1;31m
Start test 81?[0m
How many mines do you want on the field?
> 5

 │123456789│
—|—————————│
1|.........│
2|.........│
3|.........│
4|.........│
5|.........│
6|.........│
7|.........│
8|.........│
9|.........│
—│—————————│
Set/unset mines marks or claim a cell as free:
> 7 6 free

 │123456789│
—|—————————│
1|////1....│
2|////1....│
3|//122....│
4|//1......│
5|//1221111│
6|/////////│
7|/////111/│
8|/////1.1/│
9|/////1.1/│
—│—————————│
Set/unset mines marks or claim a cell as free:
> 9 3 free

 │123456789│
—|—————————│
1|////1....│
2|////1....│
3|//122...1│
4|//1......│
5|//1221111│
6|/////////│
7|/////111/│
8|/////1.1/│
9|/////1.1/│
—│—————————│
Set/unset mines marks or claim a cell as free:
> 9 2 free

 │123456789│
—|—————————│
1|////1.1//│
2|////1.1//│
3|//122.111│
4|//1......│
5|//1221111│
6|/////////│
7|/////111/│
8|/////1.1/│
9|/////1.1/│
—│—————————│
Set/unset mines marks or claim a cell as free:
> 7 4 free

 │123456789│
—|—————————│
1|////1.1//│
2|////1.1//│
3|//122.111│
4|//1...1..│
5|//1221111│
6|/////////│
7|/////111/│
8|/////1.1/│
9|/////1.1/│
—│—————————│
Set/unset mines marks or claim a cell as free:
> 7 8 free

 │123456789│
—|—————————│
1|////1X1//│
2|////1.1//│
3|//122.111│
4|//1XX.1X.│
5|//1221111│
6|/////////│
7|/////111/│
8|/////1X1/│
9|/////1.1/│
—│—————————│
You stepped on a mine and failed!
?[1;31m
Start test 82?[0m
How many mines do you want on the field?
> 5

 │123456789│
—|—————————│
1|.........│
2|.........│
3|.........│
4|.........│
5|.........│
6|.........│
7|.........│
8|.........│
9|.........│
—│—————————│
Set/unset mines marks or claim a cell as free:
> 9 9 free

 │123456789│
—|—————————│
1|.........│
2|.........│
3|.........│
4|.........│
5|.........│
6|.........│
7|.........│
8|.........│
9|........1│
—│—————————│
Set/unset mines marks or claim a cell as free:
> 3 2 mine

 │123456789│
—|—————————│
1|.........│
2|..*......│
3|.........│
4|.........│
5|.........│
6|.........│
7|.........│
8|.........│
9|........1│
—│—————————│
Set/unset mines marks or claim a cell as free:
> 3 4 free

 │123456789│
—|—————————│
1|/////////│
2|/////////│
3|/////111/│
4|////12.1/│
5|//112..1/│
6|//1.21211│
7|//111/1..│
8|//////12.│
9|///////11│
—│—————————│
Set/unset mines marks or claim a cell as free:
> 9 7 mine

 │123456789│
—|—————————│
1|/////////│
2|/////////│
3|/////111/│
4|////12.1/│
5|//112..1/│
6|//1.21211│
7|//111/1.*│
8|//////12.│
9|///////11│
—│—————————│
Set/unset mines marks or claim a cell as free:
> 6 5 free

 │123456789│
—|—————————│
1|/////////│
2|/////////│
3|/////111/│
4|////12X1/│
5|//112X.1/│
6|//1X21211│
7|//111/1X*│
8|//////12X│
9|///////11│
—│—————————│
You stepped on a mine and failed!
?[1;31m
Start test 83?[0m
How many mines do you want on the field?
> 6

 │123456789│
—|—————————│
1|.........│
2|.........│
3|.........│
4|.........│
5|.........│
6|.........│
7|.........│
8|.........│
9|.........│
—│—————————│
Set/unset mines marks or claim a cell as free:
> 9 9 mine

 │123456789│
—|—————————│
1|.........│
2|.........│
3|.........│
4|.........│
5|.........│
6|.........│
7|.........│
8|.........│
9|........*│
—│—————————│
Set/unset mines marks or claim a cell as free:
> 9 9 mine

 │123456789│
—|—————————│
1|.........│
2|.........│
3|.........│
4|.........│
5|.........│
6|.........│
7|.........│
8|.........│
9|.........│
—│—————————│
Set/unset mines marks or claim a cell as free:
> 8 2 free

 │123456789│
—|—————————│
1|.........│
2|.......1.│
3|.........│
4|.........│
5|.........│
6|.........│
7|.........│
8|.........│
9|.........│
—│—————————│
Set/unset mines marks or claim a cell as free:
> 6 3 mine

 │123456789│
—|—————————│
1|.........│
2|.......1.│
3|.....*...│
4|.........│
5|.........│
6|.........│
7|.........│
8|.........│
9|.........│
—│—————————│
Set/unset mines marks or claim a cell as free:
> 6 3 mine

 │123456789│
—|—————————│
1|.........│
2|.......1.│
3|.........│
4|.........│
5|.........│
6|.........│
7|.........│
8|.........│
9|.........│
—│—————————│
Set/unset mines marks or claim a cell as free:
> 2 3 free

 │123456789│
—|—————————│
1|/1.1/////│
2|/111/111/│
3|/////1.1/│
4|/111/111/│
5|/1.2211//│
6|/12...2//│
7|//113.2//│
8|////111//│
9|/////////│
—│—————————│
Set/unset mines marks or claim a cell as free:
> 6 7 mine

 │123456789│
—|—————————│
1|/1.1/////│
2|/111/111/│
3|/////1.1/│
4|/111/111/│
5|/1.2211//│
6|/12...2//│
7|//113*2//│
8|////111//│
9|/////////│
—│—————————│
Set/unset mines marks or claim a cell as free:
> 4 6 mine

 │123456789│
—|—————————│
1|/1.1/////│
2|/111/111/│
3|/////1.1/│
4|/111/111/│
5|/1.2211//│
6|/12*..2//│
7|//113*2//│
8|////111//│
9|/////////│
—│—————————│
Set/unset mines marks or claim a cell as free:
> 6 6 free

 │123456789│
—|—————————│
1|/1X1/////│
2|/111/111/│
3|/////1X1/│
4|/111/111/│
5|/1X2211//│
6|/12X.X2//│
7|//113X2//│
8|////111//│
9|/////////│
—│—————————│
You stepped on a mine and failed!
?[1;31m
Start test 84?[0m
How many mines do you want on the field?
> 6

 │123456789│
—|—————————│
1|.........│
2|.........│
3|.........│
4|.........│
5|.........│
6|.........│
7|.........│
8|.........│
9|.........│
—│—————————│
Set/unset mines marks or claim a cell as free:
> 5 6 free

 │123456789│
—|—————————│
1|.........│
2|.........│
3|.........│
4|.........│
5|.........│
6|....1....│
7|.........│
8|.........│
9|.........│
—│—————————│
Set/unset mines marks or claim a cell as free:
> 6 5 free

 │123456789│
—|—————————│
1|/////////│
2|1211///11│
3|...1///1.│
4|1211///11│
5|/////////│
6|//111////│
7|/12.1////│
8|/1..2////│
9|/1..1////│
—│—————————│
Set/unset mines marks or claim a cell as free:
> 3 8 free

 │123456789│
—|—————————│
1|/////////│
2|1211///11│
3|X.X1///1X│
4|1211///11│
5|/////////│
6|//111////│
7|/12X1////│
8|/1X.2////│
9|/1.X1////│
—│—————————│
You stepped on a mine and failed!
?[1;31m
Start test 85?[0m
How many mines do you want on the field?
> 7

 │123456789│
—|—————————│
1|.........│
2|.........│
3|.........│
4|.........│
5|.........│
6|.........│
7|.........│
8|.........│
9|.........│
—│—————————│
Set/unset mines marks or claim a cell as free:
> 8 2 free

 │123456789│
—|—————————│
1|.........│
2|.......2.│
3|.........│
4|.........│
5|.........│
6|.........│
7|.........│
8|.........│
9|.........│
—│—————————│
Set/unset mines marks or claim a cell as free:
> 5 5 free

 │123456789│
—|—————————│
1|.........│
2|.......21│
3|112112.2/│
4|/////1.1/│
5|/////111/│
6|/////////│
7|//111////│
8|//1.1////│
9|//1.1////│
—│—————————│
Set/unset mines marks or claim a cell as free:
> 3 2 free

 │123456789│
—|—————————│
1|.........│
2|..3....21│
3|112112.2/│
4|/////1.1/│
5|/////111/│
6|/////////│
7|//111////│
8|//1.1////│
9|//1.1////│
—│—————————│
Set/unset mines marks or claim a cell as free:
> 6 2 free

 │123456789│
—|—————————│
1|.........│
2|..3..1.21│
3|112112.2/│
4|/////1.1/│
5|/////111/│
6|/////////│
7|//111////│
8|//1.1////│
9|//1.1////│
—│—————————│
Set/unset mines marks or claim a cell as free:
> 1 2 free

 │123456789│
—|—————————│
1|.........│
2|1.3..1.21│
3|112112.2/│
4|/////1.1/│
5|/////111/│
6|/////////│
7|//111////│
8|//1.1////│
9|//1.1////│
—│—————————│
Set/unset mines marks or claim a cell as free:
> 2 2 free

 │123456789│
—|—————————│
1|..X.....X│
2|1X3X.1X21│
3|112112.2/│
4|/////1X1/│
5|/////111/│
6|/////////│
7|//111////│
8|//1X1////│
9|//1.1////│
—│—————————│
You stepped on a mine and failed!
?[1;31m
Start test 86?[0m
How many mines do you want on the field?
> 7

 │123456789│
—|—————————│
1|.........│
2|.........│
3|.........│
4|.........│
5|.........│
6|.........│
7|.........│
8|.........│
9|.........│
—│—————————│
Set/unset mines marks or claim a cell as free:
> 3 8 free

 │123456789│
—|—————————│
1|.........│
2|.........│
3|.........│
4|.........│
5|.........│
6|.........│
7|.........│
8|..1......│
9|.........│
—│—————————│
Set/unset mines marks or claim a cell as free:
> 4 4 free

 │123456789│
—|—————————│
1|.........│
2|.........│
3|.........│
4|...1.....│
5|.........│
6|.........│
7|.........│
8|..1......│
9|.........│
—│—————————│
Set/unset mines marks or claim a cell as free:
> 5 4 free

 │123456789│
—|—————————│
1|.........│
2|......X..│
3|.........│
4|X..1X....│
5|.........│
6|......X..│
7|........X│
8|.X1....X.│
9|.........│
—│—————————│
You stepped on a mine and failed!
?[1;31m
Start test 87?[0m
How many mines do you want on the field?
> 8

 │123456789│
—|—————————│
1|.........│
2|.........│
3|.........│
4|.........│
5|.........│
6|.........│
7|.........│
8|.........│
9|.........│
—│—————————│
Set/unset mines marks or claim a cell as free:
> 2 8 mine

 │123456789│
—|—————————│
1|.........│
2|.........│
3|.........│
4|.........│
5|.........│
6|.........│
7|.........│
8|.*.......│
9|.........│
—│—————————│
Set/unset mines marks or claim a cell as free:
> 2 1 mine

 │123456789│
—|—————————│
1|.*.......│
2|.........│
3|.........│
4|.........│
5|.........│
6|.........│
7|.........│
8|.*.......│
9|.........│
—│—————————│
Set/unset mines marks or claim a cell as free:
> 2 1 mine

 │123456789│
—|—————————│
1|.........│
2|.........│
3|.........│
4|.........│
5|.........│
6|.........│
7|.........│
8|.*.......│
9|.........│
—│—————————│
Set/unset mines marks or claim a cell as free:
> 6 1 free

 │123456789│
—|—————————│
1|.X...X...│
2|.........│
3|X.....X..│
4|.........│
5|.........│
6|X......X.│
7|.......X.│
8|X*.......│
9|.........│
—│—————————│
You stepped on a mine and failed!
?[1;31m
Start test 88?[0m
How many mines do you want on the field?
> 8

 │123456789│
—|—————————│
1|.........│
2|.........│
3|.........│
4|.........│
5|.........│
6|.........│
7|.........│
8|.........│
9|.........│
—│—————————│
Set/unset mines marks or claim a cell as free:
> 8 7 mine

 │123456789│
—|—————————│
1|.........│
2|.........│
3|.........│
4|.........│
5|.........│
6|.........│
7|.......*.│
8|.........│
9|.........│
—│—————————│
Set/unset mines marks or claim a cell as free:
> 8 7 mine

 │123456789│
—|—————————│
1|.........│
2|.........│
3|.........│
4|.........│
5|.........│
6|.........│
7|.........│
8|.........│
9|.........│
—│—————————│
Set/unset mines marks or claim a cell as free:
> 9 4 free

 │123456789│
—|—————————│
1|.........│
2|.........│
3|.........│
4|........1│
5|.........│
6|.........│
7|.........│
8|.........│
9|.........│
—│—————————│
Set/unset mines marks or claim a cell as free:
> 7 9 free

 │123456789│
—|—————————│
1|.........│
2|.........│
3|.........│
4|........1│
5|.........│
6|.........│
7|.........│
8|.........│
9|......1..│
—│—————————│
Set/unset mines marks or claim a cell as free:
> 2 8 free

 │123456789│
—|—————————│
1|.........│
2|.........│
3|.........│
4|........1│
5|.........│
6|.........│
7|.........│
8|.2.......│
9|......1..│
—│—————————│
Set/unset mines marks or claim a cell as free:
> 8 3 mine

 │123456789│
—|—————————│
1|.........│
2|.........│
3|.......*.│
4|........1│
5|.........│
6|.........│
7|.........│
8|.2.......│
9|......1..│
—│—————————│
Set/unset mines marks or claim a cell as free:
> 4 2 free

 │123456789│
—|—————————│
1|..1//////│
2|..1//////│
3|..2/111//│
4|..1/1.111│
5|..1/12...│
6|..1//1...│
7|..1//2...│
8|.22//1...│
9|..1//11..│
—│—————————│
Set/unset mines marks or claim a cell as free:
> 1 6 free

 │123456789│
—|—————————│
1|..1//////│
2|..1//////│
3|..2/111//│
4|..1/1.111│
5|..1/12...│
6|1.1//1...│
7|..1//2...│
8|.22//1...│
9|..1//11..│
—│—————————│
Set/unset mines marks or claim a cell as free:
> 1 8 free

 │123456789│
—|—————————│
1|..1//////│
2|..1//////│
3|..2/111//│
4|..1/1.111│
5|..1/12...│
6|1.1//1...│
7|..1//2...│
8|222//1...│
9|..1//11..│
—│—————————│
Set/unset mines marks or claim a cell as free:
> 2 2 mine

 │123456789│
—|—————————│
1|..1//////│
2|.*1//////│
3|..2/111//│
4|..1/1.111│
5|..1/12...│
6|1.1//1...│
7|..1//2...│
8|222//1...│
9|..1//11..│
—│—————————│
Set/unset mines marks or claim a cell as free:
> 2 2 mine

 │123456789│
—|—————————│
1|..1//////│
2|..1//////│
3|..2/111//│
4|..1/1.111│
5|..1/12...│
6|1.1//1...│
7|..1//2...│
8|222//1...│
9|..1//11..│
—│—————————│
Set/unset mines marks or claim a cell as free:
> 9 9 free

 │123456789│
—|—————————│
1|..1//////│
2|..1//////│
3|..2/111//│
4|..1/1.111│
5|..1/12...│
6|1.1//1.21│
7|..1//2.2/│
8|222//1.1/│
9|..1//111/│
—│—————————│
Set/unset mines marks or claim a cell as free:
> 1 2 free

 │123456789│
—|—————————│
1|..1//////│
2|1.1//////│
3|..2/111//│
4|..1/1.111│
5|..1/12...│
6|1.1//1.21│
7|..1//2.2/│
8|222//1.1/│
9|..1//111/│
—│—————————│
Set/unset mines marks or claim a cell as free:
> 1 3 free

 │123456789│
—|—————————│
1|..1//////│
2|1.1//////│
3|2.2/111//│
4|..1/1.111│
5|..1/12...│
6|1.1//1.21│
7|..1//2.2/│
8|222//1.1/│
9|..1//111/│
—│—————————│
Set/unset mines marks or claim a cell as free:
> 2 5 free

 │123456789│
—|—————————│
1|..1//////│
2|1.1//////│
3|2.2/111//│
4|..1/1.111│
5|.11/12...│
6|1.1//1.21│
7|..1//2.2/│
8|222//1.1/│
9|..1//111/│
—│—————————│
Set/unset mines marks or claim a cell as free:
> 2 2 mine

 │123456789│
—|—————————│
1|..1//////│
2|1*1//////│
3|2.2/111//│
4|..1/1.111│
5|.11/12...│
6|1.1//1.21│
7|..1//2.2/│
8|222//1.1/│
9|..1//111/│
—│—————————│
Set/unset mines marks or claim a cell as free:
> 1 5 free

 │123456789│
—|—————————│
1|..1//////│
2|1*1//////│
3|2.2/111//│
4|..1/1.111│
5|111/12...│
6|1.1//1.21│
7|..1//2.2/│
8|222//1.1/│
9|..1//111/│
—│—————————│
Set/unset mines marks or claim a cell as free:
> 2 6 mine

 │123456789│
—|—————————│
1|..1//////│
2|1*1//////│
3|2.2/111//│
4|..1/1.111│
5|111/12...│
6|1*1//1.21│
7|..1//2.2/│
8|222//1.1/│
9|..1//111/│
—│—————————│
Set/unset mines marks or claim a cell as free:
> 2 1 mine

 │123456789│
—|—————————│
1|.*1//////│
2|1*1//////│
3|2.2/111//│
4|..1/1.111│
5|111/12...│
6|1*1//1.21│
7|..1//2.2/│
8|222//1.1/│
9|..1//111/│
—│—————————│
Set/unset mines marks or claim a cell as free:
> 2 9 free

 │123456789│
—|—————————│
1|.*1//////│
2|1X1//////│
3|2.2/111//│
4|.X1/1X111│
5|111/12..X│
6|1*1//1X21│
7|.X1//2.2/│
8|222//1X1/│
9|.X1//111/│
—│—————————│
You stepped on a mine and failed!
?[1;31m
Start test 89?[0m
How many mines do you want on the field?
> 9

 │123456789│
—|—————————│
1|.........│
2|.........│
3|.........│
4|.........│
5|.........│
6|.........│
7|.........│
8|.........│
9|.........│
—│—————————│
Set/unset mines marks or claim a cell as free:
> 9 7 free

 │123456789│
—|—————————│
1|.........│
2|.........│
3|.........│
4|.........│
5|.........│
6|.........│
7|........1│
8|.........│
9|.........│
—│—————————│
Set/unset mines marks or claim a cell as free:
> 8 9 mine

 │123456789│
—|—————————│
1|.........│
2|.........│
3|.........│
4|.........│
5|.........│
6|.........│
7|........1│
8|.........│
9|.......*.│
—│—————————│
Set/unset mines marks or claim a cell as free:
> 5 5 mine

 │123456789│
—|—————————│
1|.........│
2|.........│
3|.........│
4|.........│
5|....*....│
6|.........│
7|........1│
8|.........│
9|.......*.│
—│—————————│
Set/unset mines marks or claim a cell as free:
> 8 5 free

 │123456789│
—|—————————│
1|.........│
2|......X..│
3|.........│
4|.........│
5|X.X.*.XX.│
6|.........│
7|........1│
8|..XX....X│
9|....X..*.│
—│—————————│
You stepped on a mine and failed!
?[1;31m
Start test 90?[0m
How many mines do you want on the field?
> 9

 │123456789│
—|—————————│
1|.........│
2|.........│
3|.........│
4|.........│
5|.........│
6|.........│
7|.........│
8|.........│
9|.........│
—│—————————│
Set/unset mines marks or claim a cell as free:
> 8 1 free

 │123456789│
—|—————————│
1|......1//│
2|......1//│
3|......11/│
4|.......2/│
5|.......2/│
6|.......21│
7|.........│
8|.........│
9|.........│
—│—————————│
Set/unset mines marks or claim a cell as free:
> 4 2 free

 │123456789│
—|—————————│
1|..1/1.1//│
2|111/111//│
3|/////111/│
4|111//2.2/│
5|..1//2.2/│
6|.21//1.21│
7|.1//11...│
8|11//1....│
9|////1....│
—│—————————│
Set/unset mines marks or claim a cell as free:
> 8 8 mine

 │123456789│
—|—————————│
1|..1/1.1//│
2|111/111//│
3|/////111/│
4|111//2.2/│
5|..1//2.2/│
6|.21//1.21│
7|.1//11...│
8|11//1..*.│
9|////1....│
—│—————————│
Set/unset mines marks or claim a cell as free:
> 1 5 mine

 │123456789│
—|—————————│
1|..1/1.1//│
2|111/111//│
3|/////111/│
4|111//2.2/│
5|*.1//2.2/│
6|.21//1.21│
7|.1//11...│
8|11//1..*.│
9|////1....│
—│—————————│
Set/unset mines marks or claim a cell as free:
> 1 5 mine

 │123456789│
—|—————————│
1|..1/1.1//│
2|111/111//│
3|/////111/│
4|111//2.2/│
5|..1//2.2/│
6|.21//1.21│
7|.1//11...│
8|11//1..*.│
9|////1....│
—│—————————│
Set/unset mines marks or claim a cell as free:
> 8 8 mine

 │123456789│
—|—————————│
1|..1/1.1//│
2|111/111//│
3|/////111/│
4|111//2.2/│
5|..1//2.2/│
6|.21//1.21│
7|.1//11...│
8|11//1....│
9|////1....│
—│—————————│
Set/unset mines marks or claim a cell as free:
> 7 7 mine

 │123456789│
—|—————————│
1|..1/1.1//│
2|111/111//│
3|/////111/│
4|111//2.2/│
5|..1//2.2/│
6|.21//1.21│
7|.1//11*..│
8|11//1....│
9|////1....│
—│—————————│
Set/unset mines marks or claim a cell as free:
> 9 7 free

 │123456789│
—|—————————│
1|..1/1.1//│
2|111/111//│
3|/////111/│
4|111//2.2/│
5|..1//2.2/│
6|.21//1.21│
7|.1//11*.2│
8|11//1....│
9|////1....│
—│—————————│
Set/unset mines marks or claim a cell as free:
> 7 6 free

 │123456789│
—|—————————│
1|..1/1.1//│
2|111/111//│
3|/////111/│
4|111//2.2/│
5|..1//2.2/│
6|.21//1221│
7|.1//11*.2│
8|11//1....│
9|////1....│
—│—————————│
Set/unset mines marks or claim a cell as free:
> 7 7 mine

 │123456789│
—|—————————│
1|..1/1.1//│
2|111/111//│
3|/////111/│
4|111//2.2/│
5|..1//2.2/│
6|.21//1221│
7|.1//11..2│
8|11//1....│
9|////1....│
—│—————————│
Set/unset mines marks or claim a cell as free:
> 2 5 free

 │123456789│
—|—————————│
1|.X1/1X1//│
2|111/111//│
3|/////111/│
4|111//2X2/│
5|.X1//2X2/│
6|.21//1221│
7|X1//11.X2│
8|11//1X.X.│
9|////1....│
—│—————————│
You stepped on a mine and failed!
?[1;31m
Start test 91?[0m
How many mines do you want on the field?
> 10

 │123456789│
—|—————————│
1|.........│
2|.........│
3|.........│
4|.........│
5|.........│
6|.........│
7|.........│
8|.........│
9|.........│
—│—————————│
Set/unset mines marks or claim a cell as free:
> 4 8 mine

 │123456789│
—|—————————│
1|.........│
2|.........│
3|.........│
4|.........│
5|.........│
6|.........│
7|.........│
8|...*.....│
9|.........│
—│—————————│
Set/unset mines marks or claim a cell as free:
> 4 8 mine

 │123456789│
—|—————————│
1|.........│
2|.........│
3|.........│
4|.........│
5|.........│
6|.........│
7|.........│
8|.........│
9|.........│
—│—————————│
Set/unset mines marks or claim a cell as free:
> 5 2 mine

 │123456789│
—|—————————│
1|.........│
2|....*....│
3|.........│
4|.........│
5|.........│
6|.........│
7|.........│
8|.........│
9|.........│
—│—————————│
Set/unset mines marks or claim a cell as free:
> 3 1 free

 │123456789│
—|—————————│
1|..2......│
2|....*....│
3|.........│
4|.........│
5|.........│
6|.........│
7|.........│
8|.........│
9|.........│
—│—————————│
Set/unset mines marks or claim a cell as free:
> 9 3 free

 │123456789│
—|—————————│
1|..2......│
2|....*....│
3|........2│
4|.........│
5|.........│
6|.........│
7|.........│
8|.........│
9|.........│
—│—————————│
Set/unset mines marks or claim a cell as free:
> 5 1 free

 │123456789│
—|—————————│
1|..2.2....│
2|....*....│
3|........2│
4|.........│
5|.........│
6|.........│
7|.........│
8|.........│
9|.........│
—│—————————│
Set/unset mines marks or claim a cell as free:
> 5 2 mine

 │123456789│
—|—————————│
1|..2.2....│
2|.........│
3|........2│
4|.........│
5|.........│
6|.........│
7|.........│
8|.........│
9|.........│
—│—————————│
Set/unset mines marks or claim a cell as free:
> 4 7 mine

 │123456789│
—|—————————│
1|..2.2....│
2|.........│
3|........2│
4|.........│
5|.........│
6|.........│
7|...*.....│
8|.........│
9|.........│
—│—————————│
Set/unset mines marks or claim a cell as free:
> 4 7 mine

 │123456789│
—|—————————│
1|..2.2....│
2|.........│
3|........2│
4|.........│
5|.........│
6|.........│
7|.........│
8|.........│
9|.........│
—│—————————│
Set/unset mines marks or claim a cell as free:
> 8 3 free

 │123456789│
—|—————————│
1|..2X2X...│
2|..X...X.X│
3|.......X2│
4|.........│
5|........X│
6|....X....│
7|.........│
8|...X.....│
9|........X│
—│—————————│
You stepped on a mine and failed!
?[1;31m
Start test 92?[0m
How many mines do you want on the field?
> 10

 │123456789│
—|—————————│
1|.........│
2|.........│
3|.........│
4|.........│
5|.........│
6|.........│
7|.........│
8|.........│
9|.........│
—│—————————│
Set/unset mines marks or claim a cell as free:
> 9 1 mine

 │123456789│
—|—————————│
1|........*│
2|.........│
3|.........│
4|.........│
5|.........│
6|.........│
7|.........│
8|.........│
9|.........│
—│—————————│
Set/unset mines marks or claim a cell as free:
> 2 1 free

 │123456789│
—|—————————│
1|.1......*│
2|.........│
3|.........│
4|.........│
5|.........│
6|.........│
7|.........│
8|.........│
9|.........│
—│—————————│
Set/unset mines marks or claim a cell as free:
> 5 6 free

 │123456789│
—|—————————│
1|.1......*│
2|.........│
3|.........│
4|.........│
5|.........│
6|....2....│
7|.........│
8|.........│
9|.........│
—│—————————│
Set/unset mines marks or claim a cell as free:
> 1 5 mine

 │123456789│
—|—————————│
1|.1......*│
2|.........│
3|.........│
4|.........│
5|*........│
6|....2....│
7|.........│
8|.........│
9|.........│
—│—————————│
Set/unset mines marks or claim a cell as free:
> 4 9 mine

 │123456789│
—|—————————│
1|.1......*│
2|.........│
3|.........│
4|.........│
5|*........│
6|....2....│
7|.........│
8|.........│
9|...*.....│
—│—————————│
Set/unset mines marks or claim a cell as free:
> 8 2 free

 │123456789│
—|—————————│
1|.1......*│
2|.......1.│
3|.........│
4|.........│
5|*........│
6|....2....│
7|.........│
8|.........│
9|...*.....│
—│—————————│
Set/unset mines marks or claim a cell as free:
> 2 3 free

 │123456789│
—|—————————│
1|.1.....X*│
2|..X....1.│
3|.X.......│
4|.X.......│
5|X...X....│
6|.X.X2....│
7|.........│
8|.........│
9|X..*..X..│
—│—————————│
You stepped on a mine and failed!
?[1;31m
Start test 93?[0m
How many mines do you want on the field?
> 15

 │123456789│
—|—————————│
1|.........│
2|.........│
3|.........│
4|.........│
5|.........│
6|.........│
7|.........│
8|.........│
9|.........│
—│—————————│
Set/unset mines marks or claim a cell as free:
> 5 4 free

 │123456789│
—|—————————│
1|.........│
2|.........│
3|.........│
4|....1....│
5|.........│
6|.........│
7|.........│
8|.........│
9|.........│
—│—————————│
Set/unset mines marks or claim a cell as free:
> 6 7 free

 │123456789│
—|—————————│
1|.XXX..X.X│
2|...X.....│
3|.....X...│
4|X.X.1...X│
5|........X│
6|......X..│
7|.....X...│
8|.....X...│
9|...X.....│
—│—————————│
You stepped on a mine and failed!
?[1;31m
Start test 94?[0m
How many mines do you want on the field?
> 15

 │123456789│
—|—————————│
1|.........│
2|.........│
3|.........│
4|.........│
5|.........│
6|.........│
7|.........│
8|.........│
9|.........│
—│—————————│
Set/unset mines marks or claim a cell as free:
> 5 3 mine

 │123456789│
—|—————————│
1|.........│
2|.........│
3|....*....│
4|.........│
5|.........│
6|.........│
7|.........│
8|.........│
9|.........│
—│—————————│
Set/unset mines marks or claim a cell as free:
> 9 6 free

 │123456789│
—|—————————│
1|.........│
2|.........│
3|....*....│
4|..1211111│
5|..1//////│
6|..211////│
7|....22221│
8|.........│
9|.........│
—│—————————│
Set/unset mines marks or claim a cell as free:
> 2 3 mine

 │123456789│
—|—————————│
1|.........│
2|.........│
3|.*..*....│
4|..1211111│
5|..1//////│
6|..211////│
7|....22221│
8|.........│
9|.........│
—│—————————│
Set/unset mines marks or claim a cell as free:
> 9 9 mine

 │123456789│
—|—————————│
1|.........│
2|.........│
3|.*..*....│
4|..1211111│
5|..1//////│
6|..211////│
7|....22221│
8|.........│
9|........*│
—│—————————│
Set/unset mines marks or claim a cell as free:
> 5 3 mine

 │123456789│
—|—————————│
1|.........│
2|.........│
3|.*.......│
4|..1211111│
5|..1//////│
6|..211////│
7|....22221│
8|.........│
9|........*│
—│—————————│
Set/unset mines marks or claim a cell as free:
> 6 1 free

 │123456789│
—|—————————│
1|.....1...│
2|.........│
3|.*.......│
4|..1211111│
5|..1//////│
6|..211////│
7|....22221│
8|.........│
9|........*│
—│—————————│
Set/unset mines marks or claim a cell as free:
> 7 3 free

 │123456789│
—|—————————│
1|.....1...│
2|.........│
3|.*....2..│
4|..1211111│
5|..1//////│
6|..211////│
7|....22221│
8|.........│
9|........*│
—│—————————│
Set/unset mines marks or claim a cell as free:
> 9 3 mine

 │123456789│
—|—————————│
1|.....1...│
2|.........│
3|.*....2.*│
4|..1211111│
5|..1//////│
6|..211////│
7|....22221│
8|.........│
9|........*│
—│—————————│
Set/unset mines marks or claim a cell as free:
> 5 3 free

 │123456789│
—|—————————│
1|.X.XX1...│
2|.......X.│
3|.*X.X.2X*│
4|..1211111│
5|..1//////│
6|.X211////│
7|X..X22221│
8|.XX.X.XX.│
9|........*│
—│—————————│
You stepped on a mine and failed!
?[1;31m
Start test 95?[0m
How many mines do you want on the field?
> 20

 │123456789│
—|—————————│
1|.........│
2|.........│
3|.........│
4|.........│
5|.........│
6|.........│
7|.........│
8|.........│
9|.........│
—│—————————│
Set/unset mines marks or claim a cell as free:
> 2 5 free

 │123456789│
—|—————————│
1|X.......X│
2|.........│
3|....X....│
4|.X...X..X│
5|.X....X..│
6|XX...X..X│
7|...X.X...│
8|XX.XX...X│
9|......X..│
—│—————————│
You stepped on a mine and failed!
?[1;31m
Start test 96?[0m
How many mines do you want on the field?
> 20

 │123456789│
—|—————————│
1|.........│
2|.........│
3|.........│
4|.........│
5|.........│
6|.........│
7|.........│
8|.........│
9|.........│
—│—————————│
Set/unset mines marks or claim a cell as free:
> 5 3 free

 │123456789│
—|—————————│
1|.........│
2|.........│
3|....1....│
4|.........│
5|.........│
6|.........│
7|.........│
8|.........│
9|.........│
—│—————————│
Set/unset mines marks or claim a cell as free:
> 9 9 mine

 │123456789│
—|—————————│
1|.........│
2|.........│
3|....1....│
4|.........│
5|.........│
6|.........│
7|.........│
8|.........│
9|........*│
—│—————————│
Set/unset mines marks or claim a cell as free:
> 6 4 free

 │123456789│
—|—————————│
1|.........│
2|.........│
3|....1....│
4|.....2...│
5|.........│
6|.........│
7|.........│
8|.........│
9|........*│
—│—————————│
Set/unset mines marks or claim a cell as free:
> 6 3 free

 │123456789│
—|—————————│
1|.XX.X.X..│
2|......X..│
3|X...1X.XX│
4|.X...2...│
5|.X.X.X..X│
6|..X....X.│
7|......X..│
8|.........│
9|..X.X.X.*│
—│—————————│
You stepped on a mine and failed!
?[1;31m
Start test 97?[0m
How many mines do you want on the field?
> 25

 │123456789│
—|—————————│
1|.........│
2|.........│
3|.........│
4|.........│
5|.........│
6|.........│
7|.........│
8|.........│
9|.........│
—│—————————│
Set/unset mines marks or claim a cell as free:
> 1 7 mine

 │123456789│
—|—————————│
1|.........│
2|.........│
3|.........│
4|.........│
5|.........│
6|.........│
7|*........│
8|.........│
9|.........│
—│—————————│
Set/unset mines marks or claim a cell as free:
> 1 5 free

 │123456789│
—|—————————│
1|.........│
2|1112.....│
3|///12....│
4|////2....│
5|/1234....│
6|12.......│
7|*........│
8|.........│
9|.........│
—│—————————│
Set/unset mines marks or claim a cell as free:
> 1 7 mine

 │123456789│
—|—————————│
1|.........│
2|1112.....│
3|///12....│
4|////2....│
5|/1234....│
6|12.......│
7|.........│
8|.........│
9|.........│
—│—————————│
Set/unset mines marks or claim a cell as free:
> 5 2 mine

 │123456789│
—|—————————│
1|.........│
2|1112*....│
3|///12....│
4|////2....│
5|/1234....│
6|12.......│
7|.........│
8|.........│
9|.........│
—│—————————│
Set/unset mines marks or claim a cell as free:
> 6 2 free

 │123456789│
—|—————————│
1|.........│
2|1112*3...│
3|///12....│
4|////2....│
5|/1234....│
6|12.......│
7|.........│
8|.........│
9|.........│
—│—————————│
Set/unset mines marks or claim a cell as free:
> 3 1 free

 │123456789│
—|—————————│
1|..1......│
2|1112*3...│
3|///12....│
4|////2....│
5|/1234....│
6|12.......│
7|.........│
8|.........│
9|.........│
—│—————————│
Set/unset mines marks or claim a cell as free:
> 1 7 free

 │123456789│
—|—————————│
1|X.1X...X.│
2|1112X3X..│
3|///12.XXX│
4|////2X...│
5|/1234XX.X│
6|12XXX.X..│
7|X.....X.X│
8|X...X.X..│
9|X......XX│
—│—————————│
You stepped on a mine and failed!
?[1;31m
Start test 98?[0m
How many mines do you want on the field?
> 25

 │123456789│
—|—————————│
1|.........│
2|.........│
3|.........│
4|.........│
5|.........│
6|.........│
7|.........│
8|.........│
9|.........│
—│—————————│
Set/unset mines marks or claim a cell as free:
> 1 7 mine

 │123456789│
—|—————————│
1|.........│
2|.........│
3|.........│
4|.........│
5|.........│
6|.........│
7|*........│
8|.........│
9|.........│
—│—————————│
Set/unset mines marks or claim a cell as free:
> 6 9 free

 │123456789│
—|—————————│
1|.........│
2|.........│
3|.........│
4|.........│
5|.........│
6|.........│
7|*........│
8|.........│
9|.....2...│
—│—————————│
Set/unset mines marks or claim a cell as free:
> 3 4 free

 │123456789│
—|—————————│
1|.........│
2|.........│
3|.........│
4|..2......│
5|.........│
6|.........│
7|*........│
8|.........│
9|.....2...│
—│—————————│
Set/unset mines marks or claim a cell as free:
> 1 7 mine

 │123456789│
—|—————————│
1|.........│
2|.........│
3|.........│
4|..2......│
5|.........│
6|.........│
7|.........│
8|.........│
9|.....2...│
—│—————————│
Set/unset mines marks or claim a cell as free:
> 8 2 mine

 │123456789│
—|—————————│
1|.........│
2|.......*.│
3|.........│
4|..2......│
5|.........│
6|.........│
7|.........│
8|.........│
9|.....2...│
—│—————————│
Set/unset mines marks or claim a cell as free:
> 8 4 free

 │123456789│
—|—————————│
1|.........│
2|.......*.│
3|.........│
4|..2....2.│
5|.........│
6|.........│
7|.........│
8|.........│
9|.....2...│
—│—————————│
Set/unset mines marks or claim a cell as free:
> 9 2 mine

 │123456789│
—|—————————│
1|.........│
2|.......**│
3|.........│
4|..2....2.│
5|.........│
6|.........│
7|.........│
8|.........│
9|.....2...│
—│—————————│
Set/unset mines marks or claim a cell as free:
> 2 2 mine

 │123456789│
—|—————————│
1|.........│
2|.*.....**│
3|.........│
4|..2....2.│
5|.........│
6|.........│
7|.........│
8|.........│
9|.....2...│
—│—————————│
Set/unset mines marks or claim a cell as free:
> 1 2 mine

 │123456789│
—|—————————│
1|.........│
2|**.....**│
3|.........│
4|..2....2.│
5|.........│
6|.........│
7|.........│
8|.........│
9|.....2...│
—│—————————│
Set/unset mines marks or claim a cell as free:
> 2 2 mine

 │123456789│
—|—————————│
1|.........│
2|*......**│
3|.........│
4|..2....2.│
5|.........│
6|.........│
7|.........│
8|.........│
9|.....2...│
—│—————————│
Set/unset mines marks or claim a cell as free:
> 9 5 mine

 │123456789│
—|—————————│
1|.........│
2|*......**│
3|.........│
4|..2....2.│
5|........*│
6|.........│
7|.........│
8|.........│
9|.....2...│
—│—————————│
Set/unset mines marks or claim a cell as free:
> 9 8 free

 │123456789│
—|—————————│
1|.........│
2|*......**│
3|.........│
4|..2....2.│
5|........*│
6|.........│
7|.........│
8|........1│
9|.....2...│
—│—————————│
Set/unset mines marks or claim a cell as free:
> 3 6 mine

 │123456789│
—|—————————│
1|.........│
2|*......**│
3|.........│
4|..2....2.│
5|........*│
6|..*......│
7|.........│
8|........1│
9|.....2...│
—│—————————│
Set/unset mines marks or claim a cell as free:
> 6 2 mine

 │123456789│
—|—————————│
1|.........│
2|*....*.**│
3|.........│
4|..2....2.│
5|........*│
6|..*......│
7|.........│
8|........1│
9|.....2...│
—│—————————│
Set/unset mines marks or claim a cell as free:
> 5 2 mine

 │123456789│
—|—————————│
1|.........│
2|*...**.**│
3|.........│
4|..2....2.│
5|........*│
6|..*......│
7|.........│
8|........1│
9|.....2...│
—│—————————│
Set/unset mines marks or claim a cell as free:
> 3 8 mine

 │123456789│
—|—————————│
1|.........│
2|*...**.**│
3|.........│
4|..2....2.│
5|........*│
6|..*......│
7|.........│
8|..*.....1│
9|.....2...│
—│—————————│
Set/unset mines marks or claim a cell as free:
> 3 2 free

 │123456789│
—|—————————│
1|.........│
2|*.2.**.**│
3|.........│
4|..2....2.│
5|........*│
6|..*......│
7|.........│
8|..*.....1│
9|.....2...│
—│—————————│
Set/unset mines marks or claim a cell as free:
> 9 9 mine

 │123456789│
—|—————————│
1|.........│
2|*.2.**.**│
3|.........│
4|..2....2.│
5|........*│
6|..*......│
7|.........│
8|..*.....1│
9|.....2..*│
—│—————————│
Set/unset mines marks or claim a cell as free:
> 2 9 mine

 │123456789│
—|—————————│
1|.........│
2|*.2.**.**│
3|.........│
4|..2....2.│
5|........*│
6|..*......│
7|.........│
8|..*.....1│
9|.*...2..*│
—│—————————│
Set/unset mines marks or claim a cell as free:
> 8 5 free

 │123456789│
—|—————————│
1|.........│
2|*.2.**.**│
3|.........│
4|..2....2.│
5|.......1*│
6|..*......│
7|.........│
8|..*.....1│
9|.*...2..*│
—│—————————│
Set/unset mines marks or claim a cell as free:
> 7 7 free

 │123456789│
—|—————————│
1|.........│
2|*.2.**.**│
3|.........│
4|..2....2.│
5|.......1*│
6|..*......│
7|......3..│
8|..*.....1│
9|.*...2..*│
—│—————————│
Set/unset mines marks or claim a cell as free:
> 9 5 mine

 │123456789│
—|—————————│
1|.........│
2|*.2.**.**│
3|.........│
4|..2....2.│
5|.......1.│
6|..*......│
7|......3..│
8|..*.....1│
9|.*...2..*│
—│—————————│
Set/unset mines marks or claim a cell as free:
> 6 6 mine

 │123456789│
—|—————————│
1|.........│
2|*.2.**.**│
3|.........│
4|..2....2.│
5|.......1.│
6|..*..*...│
7|......3..│
8|..*.....1│
9|.*...2..*│
—│—————————│
Set/unset mines marks or claim a cell as free:
> 9 9 mine

 │123456789│
—|—————————│
1|.........│
2|*.2.**.**│
3|.........│
4|..2....2.│
5|.......1.│
6|..*..*...│
7|......3..│
8|..*.....1│
9|.*...2...│
—│—————————│
Set/unset mines marks or claim a cell as free:
> 1 8 free

 │123456789│
—|—————————│
1|.........│
2|*.2.**.**│
3|.........│
4|..2....2.│
5|.......1.│
6|..*..*...│
7|......3..│
8|1.*.....1│
9|.*...2...│
—│—————————│
Set/unset mines marks or claim a cell as free:
> 2 1 mine

 │123456789│
—|—————————│
1|.*.......│
2|*.2.**.**│
3|.........│
4|..2....2.│
5|.......1.│
6|..*..*...│
7|......3..│
8|1.*.....1│
9|.*...2...│
—│—————————│
Set/unset mines marks or claim a cell as free:
> 6 3 mine

 │123456789│
—|—————————│
1|.*.......│
2|*.2.**.**│
3|.....*...│
4|..2....2.│
5|.......1.│
6|..*..*...│
7|......3..│
8|1.*.....1│
9|.*...2...│
—│—————————│
Set/unset mines marks or claim a cell as free:
> 1 9 mine

 │123456789│
—|—————————│
1|.*.......│
2|*.2.**.**│
3|.....*...│
4|..2....2.│
5|.......1.│
6|..*..*...│
7|......3..│
8|1.*.....1│
9|**...2...│
—│—————————│
Set/unset mines marks or claim a cell as free:
> 7 1 mine

 │123456789│
—|—————————│
1|.*....*..│
2|*.2.**.**│
3|.....*...│
4|..2....2.│
5|.......1.│
6|..*..*...│
7|......3..│
8|1.*.....1│
9|**...2...│
—│—————————│
Set/unset mines marks or claim a cell as free:
> 5 2 mine

 │123456789│
—|—————————│
1|.*....*..│
2|*.2..*.**│
3|.....*...│
4|..2....2.│
5|.......1.│
6|..*..*...│
7|......3..│
8|1.*.....1│
9|**...2...│
—│—————————│
Set/unset mines marks or claim a cell as free:
> 1 4 free

 │123456789│
—|—————————│
1|.*....*..│
2|*.2..*.**│
3|.....*...│
4|2.2....2.│
5|.......1.│
6|..*..*...│
7|......3..│
8|1.*.....1│
9|**...2...│
—│—————————│
Set/unset mines marks or claim a cell as free:
> 6 7 free

 │123456789│
—|—————————│
1|.*....*..│
2|*.2..*.**│
3|.....*...│
4|2.2....2.│
5|.......1.│
6|..*..*...│
7|.....23..│
8|1.*.....1│
9|**...2...│
—│—————————│
Set/unset mines marks or claim a cell as free:
> 9 5 free

 │123456789│
—|—————————│
1|.*....*..│
2|*.2..*.**│
3|.....*...│
4|2.2....21│
5|.......1/│
6|..*..*.1/│
7|.....2321│
8|1.*.....1│
9|**...2...│
—│—————————│
Set/unset mines marks or claim a cell as free:
> 6 2 mine

 │123456789│
—|—————————│
1|.*....*..│
2|*.2....**│
3|.....*...│
4|2.2....21│
5|.......1/│
6|..*..*.1/│
7|.....2321│
8|1.*.....1│
9|**...2...│
—│—————————│
Set/unset mines marks or claim a cell as free:
> 7 3 free

 │123456789│
—|—————————│
1|.*....*..│
2|*.2....**│
3|.....*3..│
4|2.2....21│
5|.......1/│
6|..*..*.1/│
7|.....2321│
8|1.*.....1│
9|**...2...│
—│—————————│
Set/unset mines marks or claim a cell as free:
> 2 8 mine

 │123456789│
—|—————————│
1|.*....*..│
2|*.2....**│
3|.....*3..│
4|2.2....21│
5|.......1/│
6|..*..*.1/│
7|.....2321│
8|1**.....1│
9|**...2...│
—│—————————│
Set/unset mines marks or claim a cell as free:
> 5 3 free

 │123456789│
—|—————————│
1|.*.X.XXX.│
2|*.2.XX.**│
3|..X.XX3X.│
4|2X2.X..21│
5|X.....X1/│
6|X.*X.X.1/│
7|X.X..2321│
8|1*XX..XX1│
9|**X..2X..│
—│—————————│
You stepped on a mine and failed!
?[1;31m
Start test 99?[0m
How many mines do you want on the field?
> 30

 │123456789│
—|—————————│
1|.........│
2|.........│
3|.........│
4|.........│
5|.........│
6|.........│
7|.........│
8|.........│
9|.........│
—│—————————│
Set/unset mines marks or claim a cell as free:
> 9 6 mine

 │123456789│
—|—————————│
1|.........│
2|.........│
3|.........│
4|.........│
5|.........│
6|........*│
7|.........│
8|.........│
9|.........│
—│—————————│
Set/unset mines marks or claim a cell as free:
> 4 5 mine

 │123456789│
—|—————————│
1|.........│
2|.........│
3|.........│
4|.........│
5|...*.....│
6|........*│
7|.........│
8|.........│
9|.........│
—│—————————│
Set/unset mines marks or claim a cell as free:
> 4 5 mine

 │123456789│
—|—————————│
1|.........│
2|.........│
3|.........│
4|.........│
5|.........│
6|........*│
7|.........│
8|.........│
9|.........│
—│—————————│
Set/unset mines marks or claim a cell as free:
> 5 4 free

 │123456789│
—|—————————│
1|X.XX.XXXX│
2|XX...XX.X│
3|..X.X....│
4|X...XXX..│
5|..X.X..X.│
6|XXX.X...X│
7|.....X...│
8|...XX....│
9|..X......│
—│—————————│
You stepped on a mine and failed!
?[1;31m
Start test 100?[0m
How many mines do you want on the field?
> 30

 │123456789│
—|—————————│
1|.........│
2|.........│
3|.........│
4|.........│
5|.........│
6|.........│
7|.........│
8|.........│
9|.........│
—│—————————│
Set/unset mines marks or claim a cell as free:
> 7 2 free

 │123456789│
—|—————————│
1|.X.XX....│
2|.X..X.X..│
3|.....X..X│
4|..X.X....│
5|XX..X.X.X│
6|.X..X...X│
7|X..X...X.│
8|..X.X.XX.│
9|X...XXX.X│
—│—————————│
You stepped on a mine and failed!
?[1;31m
Start test 101?[0m
How many mines do you want on the field?
> 35

 │123456789│
—|—————————│
1|.........│
2|.........│
3|.........│
4|.........│
5|.........│
6|.........│
7|.........│
8|.........│
9|.........│
—│—————————│
Set/unset mines marks or claim a cell as free:
> 9 1 free

 │123456789│
—|—————————│
1|........1│
2|.........│
3|.........│
4|.........│
5|.........│
6|.........│
7|.........│
8|.........│
9|.........│
—│—————————│
Set/unset mines marks or claim a cell as free:
> 5 1 free

 │123456789│
—|—————————│
1|X..XX...1│
2|...XXXXX.│
3|X...XXX.X│
4|..X.X..X.│
5|..X...X..│
6|....XXXX.│
7|.XXXX..X.│
8|X..X.X..X│
9|...X.X.XX│
—│—————————│
You stepped on a mine and failed!
?[1;31m
Start test 102?[0m
How many mines do you want on the field?
> 35

 │123456789│
—|—————————│
1|.........│
2|.........│
3|.........│
4|.........│
5|.........│
6|.........│
7|.........│
8|.........│
9|.........│
—│—————————│
Set/unset mines marks or claim a cell as free:
> 5 8 free

 │123456789│
—|—————————│
1|.........│
2|.........│
3|.........│
4|.........│
5|.........│
6|.........│
7|.........│
8|....2....│
9|.........│
—│—————————│
Set/unset mines marks or claim a cell as free:
> 3 2 free

 │123456789│
—|—————————│
1|.........│
2|..2......│
3|.........│
4|.........│
5|.........│
6|.........│
7|.........│
8|....2....│
9|.........│
—│—————————│
Set/unset mines marks or claim a cell as free:
> 7 9 mine

 │123456789│
—|—————————│
1|.........│
2|..2......│
3|.........│
4|.........│
5|.........│
6|.........│
7|.........│
8|....2....│
9|......*..│
—│—————————│
Set/unset mines marks or claim a cell as free:
> 3 6 mine

 │123456789│
—|—————————│
1|.........│
2|..2......│
3|.........│
4|.........│
5|.........│
6|..*......│
7|.........│
8|....2....│
9|......*..│
—│—————————│
Set/unset mines marks or claim a cell as free:
> 4 3 mine

 │123456789│
—|—————————│
1|.........│
2|..2......│
3|...*.....│
4|.........│
5|.........│
6|..*......│
7|.........│
8|....2....│
9|......*..│
—│—————————│
Set/unset mines marks or claim a cell as free:
> 1 1 free

 │123456789│
—|—————————│
1|X........│
2|.X2.XXX..│
3|.X.*X.X..│
4|XX..X.XX.│
5|XXXXX..XX│
6|X.XX..X..│
7|X.XX...XX│
8|XX..2X...│
9|.XX...*.X│
—│—————————│
You stepped on a mine and failed!
?[1;31m
Start test 103?[0m
How many mines do you want on the field?
> 40

 │123456789│
—|—————————│
1|.........│
2|.........│
3|.........│
4|.........│
5|.........│
6|.........│
7|.........│
8|.........│
9|.........│
—│—————————│
Set/unset mines marks or claim a cell as free:
> 3 9 free

 │123456789│
—|—————————│
1|X......XX│
2|XXXX.XX..│
3|X....XX.X│
4|XXXXXXX.X│
5|X..X.....│
6|XXX...XX.│
7|X..XXX...│
8|X..XX...X│
9|..X.X..XX│
—│—————————│
You stepped on a mine and failed!
?[1;31m
Start test 104?[0m
How many mines do you want on the field?
> 40

 │123456789│
—|—————————│
1|.........│
2|.........│
3|.........│
4|.........│
5|.........│
6|.........│
7|.........│
8|.........│
9|.........│
—│—————————│
Set/unset mines marks or claim a cell as free:
> 6 3 mine

 │123456789│
—|—————————│
1|.........│
2|.........│
3|.....*...│
4|.........│
5|.........│
6|.........│
7|.........│
8|.........│
9|.........│
—│—————————│
Set/unset mines marks or claim a cell as free:
> 5 7 mine

 │123456789│
—|—————————│
1|.........│
2|.........│
3|.....*...│
4|.........│
5|.........│
6|.........│
7|....*....│
8|.........│
9|.........│
—│—————————│
Set/unset mines marks or claim a cell as free:
> 6 3 mine

 │123456789│
—|—————————│
1|.........│
2|.........│
3|.........│
4|.........│
5|.........│
6|.........│
7|....*....│
8|.........│
9|.........│
—│—————————│
Set/unset mines marks or claim a cell as free:
> 5 7 mine

 │123456789│
—|—————————│
1|.........│
2|.........│
3|.........│
4|.........│
5|.........│
6|.........│
7|.........│
8|.........│
9|.........│
—│—————————│
Set/unset mines marks or claim a cell as free:
> 9 6 free

 │123456789│
—|—————————│
1|XXX.X..X.│
2|.......X.│
3|XXX.X...X│
4|..X....XX│
5|...XX...X│
6|.XXXX..XX│
7|.XXXX.XXX│
8|.X.XXX..X│
9|.X...XXXX│
—│—————————│
You stepped on a mine and failed!
?[1;31m
Start test 105?[0m
How many mines do you want on the field?
> 45

 │123456789│
—|—————————│
1|.........│
2|.........│
3|.........│
4|.........│
5|.........│
6|.........│
7|.........│
8|.........│
9|.........│
—│—————————│
Set/unset mines marks or claim a cell as free:
> 9 5 free

 │123456789│
—|—————————│
1|XX.X.XXXX│
2|XX.X.X.XX│
3|..XX.X...│
4|..XX.XX..│
5|XXX.XX..X│
6|...XXXXXX│
7|X.XXX.XX.│
8|X.......X│
9|XX...XXX.│
—│—————————│
You stepped on a mine and failed!
?[1;31m
Start test 106?[0m
How many mines do you want on the field?
> 45

 │123456789│
—|—————————│
1|.........│
2|.........│
3|.........│
4|.........│
5|.........│
6|.........│
7|.........│
8|.........│
9|.........│
—│—————————│
Set/unset mines marks or claim a cell as free:
> 6 7 free

 │123456789│
—|—————————│
1|.........│
2|.........│
3|.........│
4|.........│
5|.........│
6|.........│
7|.....7...│
8|.........│
9|.........│
—│—————————│
Set/unset mines marks or claim a cell as free:
> 5 5 mine

 │123456789│
—|—————————│
1|.........│
2|.........│
3|.........│
4|.........│
5|....*....│
6|.........│
7|.....7...│
8|.........│
9|.........│
—│—————————│
Set/unset mines marks or claim a cell as free:
> 8 9 mine

 │123456789│
—|—————————│
1|.........│
2|.........│
3|.........│
4|.........│
5|....*....│
6|.........│
7|.....7...│
8|.........│
9|.......*.│
—│—————————│
Set/unset mines marks or claim a cell as free:
> 5 9 free

 │123456789│
—|—————————│
1|.........│
2|.........│
3|.........│
4|.........│
5|....*....│
6|.........│
7|.....7...│
8|.........│
9|....3..*.│
—│—————————│
Set/unset mines marks or claim a cell as free:
> 8 9 mine

 │123456789│
—|—————————│
1|.........│
2|.........│
3|.........│
4|.........│
5|....*....│
6|.........│
7|.....7...│
8|.........│
9|....3....│
—│—————————│
Set/unset mines marks or claim a cell as free:
> 9 7 free

 │123456789│
—|—————————│
1|.XXX.X.XX│
2|.XXXX.X..│
3|XX..X.X.X│
4|.X...X.XX│
5|XX.X*.X.X│
6|XX.XXXXX.│
7|.X..X7X.X│
8|X..XX.XXX│
9|.XX.3X...│
—│—————————│
You stepped on a mine and failed!
?[1;31m
Start test 107?[0m
How many mines do you want on the field?
> 50

 │123456789│
—|—————————│
1|.........│
2|.........│
3|.........│
4|.........│
5|.........│
6|.........│
7|.........│
8|.........│
9|.........│
—│—————————│
Set/unset mines marks or claim a cell as free:
> 8 4 free

 │123456789│
—|—————————│
1|.XX.XXXXX│
2|X...XX.X.│
3|.X.XXXX.X│
4|XXXXX.XX.│
5|X.XXXXX.X│
6|.XXXXXX..│
7|XX..X.X..│
8|..X.X..XX│
9|...XXXXX.│
—│—————————│
You stepped on a mine and failed!
?[1;31m
Start test 108?[0m
How many mines do you want on the field?
> 50

 │123456789│
—|—————————│
1|.........│
2|.........│
3|.........│
4|.........│
5|.........│
6|.........│
7|.........│
8|.........│
9|.........│
—│—————————│
Set/unset mines marks or claim a cell as free:
> 8 9 free

 │123456789│
—|—————————│
1|..XXXXXXX│
2|..X.XXX.X│
3|XXXXXXXX.│
4|.X..X.XXX│
5|.XXXXXX.X│
6|.XX...XX.│
7|.XXX.X..X│
8|..X.XXX.X│
9|XXX....X.│
—│—————————│
You stepped on a mine and failed!
?[1;31m
Start test 109?[0m
How many mines do you want on the field?
> 55

 │123456789│
—|—————————│
1|.........│
2|.........│
3|.........│
4|.........│
5|.........│
6|.........│
7|.........│
8|.........│
9|.........│
—│—————————│
Set/unset mines marks or claim a cell as free:
> 6 4 free

 │123456789│
—|—————————│
1|.XXX.XXX.│
2|...X.X.X.│
3|.XX..XXXX│
4|.XXXXXXXX│
5|XXX.XXXX.│
6|..XXXXXXX│
7|....X..XX│
8|XXXXXXXXX│
9|XXX.X.XX.│
—│—————————│
You stepped on a mine and failed!
?[1;31m
Start test 110?[0m
How many mines do you want on the field?
> 55

 │123456789│
—|—————————│
1|.........│
2|.........│
3|.........│
4|.........│
5|.........│
6|.........│
7|.........│
8|.........│
9|.........│
—│—————————│
Set/unset mines marks or claim a cell as free:
> 7 8 free

 │123456789│
—|—————————│
1|XX.X.XXXX│
2|..X.X.X.X│
3|XXXXX..X.│
4|.XXXXX.X.│
5|X.XX.XXX.│
6|XXX.XXXXX│
7|XXX...XXX│
8|...XXXXXX│
9|.XXXX..XX│
—│—————————│
You stepped on a mine and failed!
?[1;31m
Start test 111?[0m
How many mines do you want on the field?
> 60

 │123456789│
—|—————————│
1|.........│
2|.........│
3|.........│
4|.........│
5|.........│
6|.........│
7|.........│
8|.........│
9|.........│
—│—————————│
Set/unset mines marks or claim a cell as free:
> 8 4 mine

 │123456789│
—|—————————│
1|.........│
2|.........│
3|.........│
4|.......*.│
5|.........│
6|.........│
7|.........│
8|.........│
9|.........│
—│—————————│
Set/unset mines marks or claim a cell as free:
> 7 3 free

 │123456789│
—|—————————│
1|.........│
2|.........│
3|......7..│
4|.......*.│
5|.........│
6|.........│
7|.........│
8|.........│
9|.........│
—│—————————│
Set/unset mines marks or claim a cell as free:
> 4 1 free

 │123456789│
—|—————————│
1|XXXXXXXX.│
2|.XXXX.XXX│
3|XXXXXX7XX│
4|.X..XXXXX│
5|X..X.XXX.│
6|XXXX..X..│
7|XXX..X..X│
8|.X.XXXXXX│
9|XXXXXXXXX│
—│—————————│
You stepped on a mine and failed!
?[1;31m
Start test 112?[0m
How many mines do you want on the field?
> 60

 │123456789│
—|—————————│
1|.........│
2|.........│
3|.........│
4|.........│
5|.........│
6|.........│
7|.........│
8|.........│
9|.........│
—│—————————│
Set/unset mines marks or claim a cell as free:
> 8 1 mine

 │123456789│
—|—————————│
1|.......*.│
2|.........│
3|.........│
4|.........│
5|.........│
6|.........│
7|.........│
8|.........│
9|.........│
—│—————————│
Set/unset mines marks or claim a cell as free:
> 8 1 mine

 │123456789│
—|—————————│
1|.........│
2|.........│
3|.........│
4|.........│
5|.........│
6|.........│
7|.........│
8|.........│
9|.........│
—│—————————│
Set/unset mines marks or claim a cell as free:
> 4 7 mine

 │123456789│
—|—————————│
1|.........│
2|.........│
3|.........│
4|.........│
5|.........│
6|.........│
7|...*.....│
8|.........│
9|.........│
—│—————————│
Set/unset mines marks or claim a cell as free:
> 4 7 mine

 │123456789│
—|—————————│
1|.........│
2|.........│
3|.........│
4|.........│
5|.........│
6|.........│
7|.........│
8|.........│
9|.........│
—│—————————│
Set/unset mines marks or claim a cell as free:
> 7 4 free

 │123456789│
—|—————————│
1|.........│
2|.........│
3|.........│
4|......5..│
5|.........│
6|.........│
7|.........│
8|.........│
9|.........│
—│—————————│
Set/unset mines marks or claim a cell as free:
> 6 7 mine

 │123456789│
—|—————————│
1|.........│
2|.........│
3|.........│
4|......5..│
5|.........│
6|.........│
7|.....*...│
8|.........│
9|.........│
—│—————————│
Set/unset mines marks or claim a cell as free:
> 8 4 mine

 │123456789│
—|—————————│
1|.........│
2|.........│
3|.........│
4|......5*.│
5|.........│
6|.........│
7|.....*...│
8|.........│
9|.........│
—│—————————│
Set/unset mines marks or claim a cell as free:
> 1 3 mine

 │123456789│
—|—————————│
1|.........│
2|.........│
3|*........│
4|......5*.│
5|.........│
6|.........│
7|.....*...│
8|.........│
9|.........│
—│—————————│
Set/unset mines marks or claim a cell as free:
> 1 3 mine

 │123456789│
—|—————————│
1|.........│
2|.........│
3|.........│
4|......5*.│
5|.........│
6|.........│
7|.....*...│
8|.........│
9|.........│
—│—————————│
Set/unset mines marks or claim a cell as free:
> 6 9 free

 │123456789│
—|—————————│
1|XXXXXXXX.│
2|XXXXXXXXX│
3|.X.X.XX.X│
4|.XXXXX5X.│
5|X.XXXX...│
6|.X.XXX.XX│
7|XX.XXX.XX│
8|.XX..XXXX│
9|XXXXXXXX.│
—│—————————│
You stepped on a mine and failed!
?[1;31m
Start test 113?[0m
How many mines do you want on the field?
> 65

 │123456789│
—|—————————│
1|.........│
2|.........│
3|.........│
4|.........│
5|.........│
6|.........│
7|.........│
8|.........│
9|.........│
—│—————————│
Set/unset mines marks or claim a cell as free:
> 9 5 mine

 │123456789│
—|—————————│
1|.........│
2|.........│
3|.........│
4|.........│
5|........*│
6|.........│
7|.........│
8|.........│
9|.........│
—│—————————│
Set/unset mines marks or claim a cell as free:
> 9 5 mine

 │123456789│
—|—————————│
1|.........│
2|.........│
3|.........│
4|.........│
5|.........│
6|.........│
7|.........│
8|.........│
9|.........│
—│—————————│
Set/unset mines marks or claim a cell as free:
> 8 9 free

 │123456789│
—|—————————│
1|XXXXXXXX.│
2|.XX.XXXXX│
3|.XXXX..X.│
4|XXXXXXXXX│
5|XXXXXXXX.│
6|XX.XXX.XX│
7|X.XXXXXX.│
8|XXX.XX.XX│
9|.XXXXX.XX│
—│—————————│
You stepped on a mine and failed!
?[1;31m
Start test 114?[0m
How many mines do you want on the field?
> 65

 │123456789│
—|—————————│
1|.........│
2|.........│
3|.........│
4|.........│
5|.........│
6|.........│
7|.........│
8|.........│
9|.........│
—│—————————│
Set/unset mines marks or claim a cell as free:
> 2 2 free

 │123456789│
—|—————————│
1|X.XXXXX.X│
2|XXXX.X.XX│
3|XXX..X.X.│
4|.XXXXXXX.│
5|XXXXXX.XX│
6|XXX.XXXXX│
7|XXXXXXXXX│
8|X.XX.XX.X│
9|XXXXXXX.X│
—│—————————│
You stepped on a mine and failed!
]]></system-out>
  <system-err><![CDATA[]]></system-err>
</testsuite>
